


Using shader api: shaderapiempty.dll
materialPath: C:\Program Files (x86)\Steam\steamapps\common\left 4 dead 2\left4dead2\materials
Loading C:\Program Files (x86)\Steam\steamapps\common\Left 4 Dead 2\sdk_content\mapsrc\git\SJTU.vmf
fixing up env_cubemap materials on brush sides...
0...1...2...3...4...5...6...7...8...9...100...1...2...3...4...5...6...7...8...9...10Processing areas...done (0)
Building Faces...done (0)
FixTjuncs...
PruneNodes...
WriteBSP...
done (0)
writing C:\Program Files (x86)\Steam\steamapps\common\Left 4 Dead 2\sdk_content\mapsrc\git\SJTU.prt...Building visibility clusters...
done (0)
Finding displacement neighbors...
Finding lightmap sample positions...
Displacement Alpha : 0...1...2...3...4...5...6...7...8...9...10
Building Physics collision data...
done (0) (3868 bytes)
Cannot build Physics2 data
                                                             -----------
DataLinker total stream size                                     0.0 KiB
Placing detail props : 0...1...2...3...4...5...6...7...8...9...10
Compacting texture/material tables...
Reduced 20 texinfos to 13
Reduced 2 texdatas to 2 (39 bytes to 39)
Writing C:\Program Files (x86)\Steam\steamapps\common\Left 4 Dead 2\sdk_content\mapsrc\git\SJTU.bsp
0 seconds elapsed



12 threads
reading c:\program files (x86)\steam\steamapps\common\left 4 dead 2\sdk_content\mapsrc\git\SJTU.bsp
max farz in all env_fog_controller entities: -1.000000 (used for radial vis)
reading c:\program files (x86)\steam\steamapps\common\left 4 dead 2\sdk_content\mapsrc\git\SJTU.prt
 482 portalclusters
1052 numportals
0...1...2...3...4...5...6...7...8...9...100...1...2...3...4...5...6...7...8...9...10Optimized: 0 visible clusters (0.00%)
Total clusters visible: 225318
Average clusters visible: 467
Building PAS...
Average clusters audible: 482
visdatasize:62665  compressed from 61696
writing c:\program files (x86)\steam\steamapps\common\left 4 dead 2\sdk_content\mapsrc\git\SJTU.bsp
18 seconds elapsed



[Reading texlights from 'lights.rad']
[2 texlights parsed from 'lights.rad']

Loading c:\program files (x86)\steam\steamapps\common\left 4 dead 2\sdk_content\mapsrc\git\SJTU.bsp
3999 faces
7768571 square feet [1118674304.00 square inches]
0 Displacements
0 Square Feet [0.00 Square Inches]
3999 patches before subdivision
257769 patches after subdivision
0 direct lights
0...1...2...3...4...5...6...7...8...9...100...1...2...3...4...5...6...7...8...9...10transfers 23741709, max 2763
transfer lists: 181.1 megs
0...1...2...3...4...5...6...7...8...9...10	Bounce #1 added RGB(0, 0, 0)
Build Patch/Sample Hash Table(s).....Done<0.2390 sec>
0...1...2...3...4...5...6...7...8...9...10FinalLightFace Done
0 of 0 (0% of) surface lights went in leaf ambient cubes.
0...1...2...3...4...5...6...7...8...9...10Writing leaf ambient...done
Ready to Finish

Object names       Objects/Maxobjs  Memory / Maxmem  Fullness 
------------       ---------------  ---------------  -------- 
models                   1/1024           48/49152    ( 0.1%) 
brushes                 10/8192          120/98304    ( 0.1%) 
brushsides              60/65536         480/524288   ( 0.1%) 
planes                 146/65536        2920/1310720  ( 0.2%) 
vertexes              4296/65536       51552/786432   ( 6.6%) 
nodes                 1479/65536       47328/2097152  ( 2.3%) 
texinfos                13/12288         936/884736   ( 0.1%) 
texdata                  2/2048           64/65536    ( 0.1%) 
dispinfos                0/0               0/0        ( 0.0%) 
disp_verts               0/0               0/0        ( 0.0%) 
disp_tris                0/0               0/0        ( 0.0%) 
disp_lmsamples           0/0               0/0        ( 0.0%) 
faces                 3999/65536      223944/3670016  ( 6.1%) 
hdr faces                0/65536           0/3670016  ( 0.0%) 
origfaces               26/65536        1456/3670016  ( 0.0%) 
leaves                1481/65536       47392/2097152  ( 2.3%) 
leaffaces             4047/65536        8094/131072   ( 6.2%) 
leafbrushes           1028/65536        2056/131072   ( 1.6%) 
areas                    2/256            16/2048     ( 0.8%) 
surfedges            16640/512000      66560/2048000  ( 3.3%) 
edges                 8341/256000      33364/1024000  ( 3.3%) 
LDR worldlights          0/8192            0/819200   ( 0.0%) 
HDR worldlights          0/8192            0/819200   ( 0.0%) 
leafwaterdata            0/32768           0/393216   ( 0.0%) 
waterstrips             49/32768         490/327680   ( 0.1%) 
waterverts               0/65536           0/786432   ( 0.0%) 
waterindices           798/65536        1596/131072   ( 1.2%) 
cubemapsamples           0/1024            0/16384    ( 0.0%) 
overlays                 0/512             0/180224   ( 0.0%) 
LDR lightdata         [variable]    31109236/0        ( 0.0%) 
HDR lightdata         [variable]           0/0        ( 0.0%) 
visdata               [variable]       62665/16777216 ( 0.4%) 
entdata               [variable]         395/393216   ( 0.1%) 
LDR ambient table     1481/65536        5924/262144   ( 2.3%) 
HDR ambient table     1481/65536        5924/262144   ( 2.3%) 
LDR leaf ambient       482/65536       13496/1835008  ( 0.7%) 
HDR leaf ambient      1481/65536       41468/1835008  ( 2.3%) 
occluders                0/0               0/0        ( 0.0%) 
occluder polygons        0/0               0/0        ( 0.0%) 
occluder vert ind        0/0               0/0        ( 0.0%) 
Prop Hull Verts          0/0               0/0        ( 0.0%) 
Prop Hull Blob           0/0               0/0        ( 0.0%) 
Prop Hull Lists          0/0               0/0        ( 0.0%) 
Prop Hulls               0/0               0/0        ( 0.0%) 
Prop Hull trilist        0/0               0/0        ( 0.0%) 
detail props          [variable]           1/12       ( 8.3%) 
static props          [variable]           1/12       ( 8.3%) 
pakfile               [variable]       86726/0        ( 0.0%) 
physics               [variable]        3868/4194304  ( 0.1%) 
physics terrain       [variable]           2/1048576  ( 0.0%) 

Level flags = 0

Total triangle count: 8538
Writing c:\program files (x86)\steam\steamapps\common\left 4 dead 2\sdk_content\mapsrc\git\SJTU.bsp
30 seconds elapsed
