PRT1
482
1052
4 0 3 (9216 9216 64 ) (9216 9216 4800 ) (8192 9216 4800 ) (8192 9216 64 ) 
4 0 1 (8192 9216 64 ) (8192 9216 4800 ) (8192 9280 4800 ) (8192 9280 64 ) 
4 1 4 (8192 9216 64 ) (8192 9216 4800 ) (7168 9216 4800 ) (7168 9216 64 ) 
4 1 2 (7168 9216 64 ) (7168 9216 4800 ) (7168 9280 4800 ) (7168 9280 64 ) 
4 2 12 (6144 9216 64 ) (6144 9216 4800 ) (6144 9280 4800 ) (6144 9280 64 ) 
4 2 5 (7168 9216 64 ) (7168 9216 4800 ) (6144 9216 4800 ) (6144 9216 64 ) 
4 3 6 (9216 8192 64 ) (9216 8192 4800 ) (8192 8192 4800 ) (8192 8192 64 ) 
4 3 4 (8192 9216 4800 ) (8192 9216 64 ) (8192 8192 64 ) (8192 8192 4800 ) 
4 4 8 (8192 8192 64 ) (8192 8192 4800 ) (7168 8192 4800 ) (7168 8192 64 ) 
4 4 5 (7168 8192 64 ) (7168 8192 4800 ) (7168 9216 4800 ) (7168 9216 64 ) 
4 5 15 (6144 8192 64 ) (6144 8192 4800 ) (6144 9216 4800 ) (6144 9216 64 ) 
4 5 9 (7168 8192 64 ) (7168 8192 4800 ) (6144 8192 4800 ) (6144 8192 64 ) 
4 6 8 (8192 8192 4800 ) (8192 8192 64 ) (8192 7168 64 ) (8192 7168 4800 ) 
4 6 7 (9216 7168 64 ) (9216 7168 4800 ) (8192 7168 4800 ) (8192 7168 64 ) 
4 7 38 (8320 6144 960 ) (8192 6144 960 ) (8192 6144 64 ) (8320 6144 64 ) 
4 7 37 (9216 6144 64 ) (9216 6144 960 ) (8320 6144 960 ) (8320 6144 64 ) 
4 7 36 (9216 6144 960 ) (9216 6144 4800 ) (8192 6144 4800 ) (8192 6144 960 ) 
4 7 10 (8192 6144 64 ) (8192 6144 4800 ) (8192 7168 4800 ) (8192 7168 64 ) 
4 8 10 (8192 7168 64 ) (8192 7168 4800 ) (7168 7168 4800 ) (7168 7168 64 ) 
4 8 9 (7168 8192 4800 ) (7168 8192 64 ) (7168 7168 64 ) (7168 7168 4800 ) 
4 9 18 (6144 7168 64 ) (6144 7168 4800 ) (6144 8192 4800 ) (6144 8192 64 ) 
4 9 11 (7168 7168 64 ) (7168 7168 4800 ) (6144 7168 4800 ) (6144 7168 64 ) 
4 10 40 (8192 6144 64 ) (8192 6144 960 ) (7168 6144 960 ) (7168 6144 64 ) 
4 10 39 (8192 6144 960 ) (8192 6144 4800 ) (7168 6144 4800 ) (7168 6144 960 ) 
4 10 11 (7168 7168 4800 ) (7168 7168 64 ) (7168 6144 64 ) (7168 6144 4800 ) 
4 11 42 (7168 6144 64 ) (7168 6144 960 ) (6144 6144 960 ) (6144 6144 64 ) 
4 11 41 (7168 6144 960 ) (7168 6144 4800 ) (6144 6144 4800 ) (6144 6144 960 ) 
4 11 19 (6144 6144 64 ) (6144 6144 4800 ) (6144 7168 4800 ) (6144 7168 64 ) 
4 12 15 (6144 9216 64 ) (6144 9216 4800 ) (5120 9216 4800 ) (5120 9216 64 ) 
4 12 13 (5120 9216 64 ) (5120 9216 4800 ) (5120 9280 4800 ) (5120 9280 64 ) 
4 13 16 (5120 9216 64 ) (5120 9216 4800 ) (4096 9216 4800 ) (4096 9216 64 ) 
4 13 14 (4096 9216 64 ) (4096 9216 4800 ) (4096 9280 4800 ) (4096 9280 64 ) 
4 14 24 (3072 9216 64 ) (3072 9216 4800 ) (3072 9280 4800 ) (3072 9280 64 ) 
4 14 17 (4096 9216 64 ) (4096 9216 4800 ) (3072 9216 4800 ) (3072 9216 64 ) 
4 15 18 (6144 8192 64 ) (6144 8192 4800 ) (5120 8192 4800 ) (5120 8192 64 ) 
4 15 16 (5120 8192 64 ) (5120 8192 4800 ) (5120 9216 4800 ) (5120 9216 64 ) 
4 16 20 (5120 8192 64 ) (5120 8192 4800 ) (4096 8192 4800 ) (4096 8192 64 ) 
4 16 17 (4096 9216 4800 ) (4096 9216 64 ) (4096 8192 64 ) (4096 8192 4800 ) 
4 17 27 (3072 8192 64 ) (3072 8192 4800 ) (3072 9216 4800 ) (3072 9216 64 ) 
4 17 21 (3072 8192 4800 ) (3072 8192 64 ) (4096 8192 64 ) (4096 8192 4800 ) 
4 18 20 (5120 8192 4800 ) (5120 8192 64 ) (5120 7168 64 ) (5120 7168 4800 ) 
4 18 19 (6144 7168 64 ) (6144 7168 4800 ) (5120 7168 4800 ) (5120 7168 64 ) 
4 19 66 (6144 6144 64 ) (6144 6144 960 ) (5120 6144 960 ) (5120 6144 64 ) 
4 19 65 (6144 6144 960 ) (6144 6144 4800 ) (5120 6144 4800 ) (5120 6144 960 ) 
4 19 22 (5120 6144 64 ) (5120 6144 4800 ) (5120 7168 4800 ) (5120 7168 64 ) 
4 20 22 (5120 7168 64 ) (5120 7168 4800 ) (4096 7168 4800 ) (4096 7168 64 ) 
4 20 21 (4096 8192 4800 ) (4096 8192 64 ) (4096 7168 64 ) (4096 7168 4800 ) 
4 21 30 (3072 7168 64 ) (3072 7168 4800 ) (3072 8192 4800 ) (3072 8192 64 ) 
4 21 23 (3072 7168 4800 ) (3072 7168 64 ) (4096 7168 64 ) (4096 7168 4800 ) 
4 22 68 (5120 6144 64 ) (5120 6144 960 ) (4096 6144 960 ) (4096 6144 64 ) 
4 22 67 (5120 6144 960 ) (5120 6144 4800 ) (4096 6144 4800 ) (4096 6144 960 ) 
4 22 23 (4096 7168 4800 ) (4096 7168 64 ) (4096 6144 64 ) (4096 6144 4800 ) 
4 23 70 (4096 6144 64 ) (4096 6144 960 ) (3072 6144 960 ) (3072 6144 64 ) 
4 23 69 (4096 6144 960 ) (4096 6144 4800 ) (3072 6144 4800 ) (3072 6144 960 ) 
4 23 31 (3072 6144 64 ) (3072 6144 4800 ) (3072 7168 4800 ) (3072 7168 64 ) 
4 24 27 (3072 9216 64 ) (3072 9216 4800 ) (2048 9216 4800 ) (2048 9216 64 ) 
4 24 25 (2048 9216 64 ) (2048 9216 4800 ) (2048 9280 4800 ) (2048 9280 64 ) 
4 25 28 (2048 9216 64 ) (2048 9216 4800 ) (1024 9216 4800 ) (1024 9216 64 ) 
4 25 26 (1024 9216 64 ) (1024 9216 4800 ) (1024 9280 4800 ) (1024 9280 64 ) 
4 26 117 (0 9216 64 ) (0 9216 4800 ) (0 9280 4800 ) (0 9280 64 ) 
4 26 29 (0 9216 4800 ) (0 9216 64 ) (1024 9216 64 ) (1024 9216 4800 ) 
4 27 30 (3072 8192 64 ) (3072 8192 4800 ) (2048 8192 4800 ) (2048 8192 64 ) 
4 27 28 (2048 8192 64 ) (2048 8192 4800 ) (2048 9216 4800 ) (2048 9216 64 ) 
4 28 32 (2048 8192 64 ) (2048 8192 4800 ) (1024 8192 4800 ) (1024 8192 64 ) 
4 28 29 (1024 9216 4800 ) (1024 9216 64 ) (1024 8192 64 ) (1024 8192 4800 ) 
4 29 122 (0 8192 64 ) (0 8192 4800 ) (0 9216 4800 ) (0 9216 64 ) 
4 29 33 (1024 8192 64 ) (1024 8192 4800 ) (0 8192 4800 ) (0 8192 64 ) 
4 30 32 (2048 8192 4800 ) (2048 8192 64 ) (2048 7168 64 ) (2048 7168 4800 ) 
4 30 31 (3072 7168 64 ) (3072 7168 4800 ) (2048 7168 4800 ) (2048 7168 64 ) 
4 31 78 (3072 6144 64 ) (3072 6144 960 ) (2048 6144 960 ) (2048 6144 64 ) 
4 31 77 (3072 6144 960 ) (3072 6144 4800 ) (2048 6144 4800 ) (2048 6144 960 ) 
4 31 34 (2048 6144 64 ) (2048 6144 4800 ) (2048 7168 4800 ) (2048 7168 64 ) 
4 32 34 (2048 7168 64 ) (2048 7168 4800 ) (1024 7168 4800 ) (1024 7168 64 ) 
4 32 33 (1024 8192 4800 ) (1024 8192 64 ) (1024 7168 64 ) (1024 7168 4800 ) 
4 33 124 (0 7168 64 ) (0 7168 4800 ) (0 8192 4800 ) (0 8192 64 ) 
4 33 35 (1024 7168 64 ) (1024 7168 4800 ) (0 7168 4800 ) (0 7168 64 ) 
4 34 80 (2048 6144 64 ) (2048 6144 960 ) (1024 6144 960 ) (1024 6144 64 ) 
4 34 79 (2048 6144 960 ) (2048 6144 4800 ) (1024 6144 4800 ) (1024 6144 960 ) 
4 34 35 (1024 7168 4800 ) (1024 7168 64 ) (1024 6144 64 ) (1024 6144 4800 ) 
4 35 126 (0 6144 64 ) (0 6144 4800 ) (0 7168 4800 ) (0 7168 64 ) 
4 35 82 (1024 6144 64 ) (1024 6144 960 ) (0 6144 960 ) (0 6144 64 ) 
4 35 81 (1024 6144 960 ) (1024 6144 4800 ) (0 6144 4800 ) (0 6144 960 ) 
4 36 43 (9216 5120 960 ) (9216 5120 4800 ) (8192 5120 4800 ) (8192 5120 960 ) 
4 36 39 (8192 6144 4800 ) (8192 6144 960 ) (8192 5120 960 ) (8192 5120 4800 ) 
4 36 38 (8192 5440 960 ) (8192 6144 960 ) (8320 6144 960 ) (8320 5440 960 ) 
4 36 37 (8320 6144 960 ) (9216 6144 960 ) (9216 5120 960 ) (8320 5120 960 ) 
4 37 44 (9216 5120 64 ) (9216 5120 960 ) (8320 5120 960 ) (8320 5120 64 ) 
4 37 38 (8320 6144 64 ) (8320 5440 64 ) (8320 5440 960 ) (8320 6144 960 ) 
4 38 40 (8192 6144 960 ) (8192 6144 64 ) (8192 5440 64 ) (8192 5440 960 ) 
4 39 47 (8192 5120 960 ) (8192 5120 4800 ) (7168 5120 4800 ) (7168 5120 960 ) 
4 39 41 (7168 5120 960 ) (7168 5120 4800 ) (7168 6144 4800 ) (7168 6144 960 ) 
4 39 40 (7168 5440 960 ) (7168 6144 960 ) (8192 6144 960 ) (8192 5440 960 ) 
4 40 42 (7168 5440 960 ) (7168 6144 960 ) (7168 6144 64 ) (7168 5440 64 ) 
4 41 65 (6144 6144 4800 ) (6144 6144 960 ) (6144 5120 960 ) (6144 5120 4800 ) 
4 41 48 (7168 5120 960 ) (7168 5120 4800 ) (6144 5120 4800 ) (6144 5120 960 ) 
4 41 42 (6144 5440 960 ) (6144 6144 960 ) (7168 6144 960 ) (7168 5440 960 ) 
4 42 66 (6144 6144 960 ) (6144 6144 64 ) (6144 5440 64 ) (6144 5440 960 ) 
4 43 47 (8192 5120 4800 ) (8192 5120 960 ) (8192 4096 960 ) (8192 4096 4800 ) 
4 43 45 (9216 4096 960 ) (9216 4096 4800 ) (8192 4096 4800 ) (8192 4096 960 ) 
4 43 44 (9216 4096 960 ) (8320 4096 960 ) (8320 5120 960 ) (9216 5120 960 ) 
4 44 46 (9216 4096 64 ) (9216 4096 960 ) (8320 4096 960 ) (8320 4096 64 ) 
4 45 51 (9216 3072 960 ) (9216 3072 4800 ) (8192 3072 4800 ) (8192 3072 960 ) 
4 45 49 (8192 3072 960 ) (8192 3072 4800 ) (8192 4096 4800 ) (8192 4096 960 ) 
4 45 46 (9216 3072 960 ) (8320 3072 960 ) (8320 4096 960 ) (9216 4096 960 ) 
4 46 52 (9216 3072 64 ) (9216 3072 960 ) (8320 3072 960 ) (8320 3072 64 ) 
4 47 49 (8192 4096 960 ) (8192 4096 4800 ) (7168 4096 4800 ) (7168 4096 960 ) 
4 47 48 (7168 5120 4800 ) (7168 5120 960 ) (7168 4096 960 ) (7168 4096 4800 ) 
4 48 71 (6144 4096 960 ) (6144 4096 4800 ) (6144 5120 4800 ) (6144 5120 960 ) 
4 48 50 (7168 4096 960 ) (7168 4096 4800 ) (6144 4096 4800 ) (6144 4096 960 ) 
4 49 53 (8192 3072 960 ) (8192 3072 4800 ) (7168 3072 4800 ) (7168 3072 960 ) 
4 49 50 (7168 4096 4800 ) (7168 4096 960 ) (7168 3072 960 ) (7168 3072 4800 ) 
4 50 72 (6144 3072 960 ) (6144 3072 4800 ) (6144 4096 4800 ) (6144 4096 960 ) 
4 50 54 (7168 3072 960 ) (7168 3072 4800 ) (6144 3072 4800 ) (6144 3072 960 ) 
4 51 55 (9216 2048 960 ) (9216 2048 4800 ) (8192 2048 4800 ) (8192 2048 960 ) 
4 51 53 (8192 3072 4800 ) (8192 3072 960 ) (8192 2048 960 ) (8192 2048 4800 ) 
4 51 52 (8320 3072 960 ) (9216 3072 960 ) (9216 2048 960 ) (8320 2048 960 ) 
4 52 56 (9216 2048 64 ) (9216 2048 960 ) (8320 2048 960 ) (8320 2048 64 ) 
4 53 59 (8192 2048 960 ) (8192 2048 4800 ) (7168 2048 4800 ) (7168 2048 960 ) 
4 53 54 (7168 2048 960 ) (7168 2048 4800 ) (7168 3072 4800 ) (7168 3072 960 ) 
4 54 89 (6144 2048 960 ) (6144 2048 4800 ) (6144 3072 4800 ) (6144 3072 960 ) 
4 54 61 (7168 2048 960 ) (7168 2048 4800 ) (6144 2048 4800 ) (6144 2048 960 ) 
4 55 59 (8192 2048 4800 ) (8192 2048 960 ) (8192 1024 960 ) (8192 1024 4800 ) 
4 55 58 (9216 1024 960 ) (9216 1024 4800 ) (8192 1024 4800 ) (8192 1024 960 ) 
4 55 57 (8320 1024 960 ) (8192 1024 960 ) (8192 1664 960 ) (8320 1664 960 ) 
4 55 56 (9216 1024 960 ) (8320 1024 960 ) (8320 2048 960 ) (9216 2048 960 ) 
4 56 58 (9216 1024 64 ) (9216 1024 960 ) (8320 1024 960 ) (8320 1024 64 ) 
4 56 57 (8320 1664 64 ) (8320 1024 64 ) (8320 1024 960 ) (8320 1664 960 ) 
4 57 60 (8192 1664 64 ) (8192 1024 64 ) (8192 1024 960 ) (8192 1664 960 ) 
4 57 58 (8320 1024 960 ) (8192 1024 960 ) (8192 1024 64 ) (8320 1024 64 ) 
4 58 241 (9216 0 64 ) (9216 0 4800 ) (8192 0 4800 ) (8192 0 64 ) 
4 58 63 (8192 0 64 ) (8192 0 4800 ) (8192 1024 4800 ) (8192 1024 64 ) 
4 59 63 (8192 1024 960 ) (8192 1024 4800 ) (7168 1024 4800 ) (7168 1024 960 ) 
4 59 61 (7168 2048 4800 ) (7168 2048 960 ) (7168 1024 960 ) (7168 1024 4800 ) 
4 59 60 (7168 1024 960 ) (7168 1664 960 ) (8192 1664 960 ) (8192 1024 960 ) 
4 60 63 (8192 1024 64 ) (8192 1024 960 ) (7168 1024 960 ) (7168 1024 64 ) 
4 60 62 (7168 1664 64 ) (7168 1024 64 ) (7168 1024 960 ) (7168 1664 960 ) 
4 61 92 (6144 1024 960 ) (6144 1024 4800 ) (6144 2048 4800 ) (6144 2048 960 ) 
4 61 64 (7168 1024 960 ) (7168 1024 4800 ) (6144 1024 4800 ) (6144 1024 960 ) 
4 61 62 (7168 1024 960 ) (6144 1024 960 ) (6144 1664 960 ) (7168 1664 960 ) 
4 62 93 (6144 1024 64 ) (6144 1024 960 ) (6144 1664 960 ) (6144 1664 64 ) 
4 62 64 (7168 1024 64 ) (7168 1024 960 ) (6144 1024 960 ) (6144 1024 64 ) 
4 63 245 (8192 0 64 ) (8192 0 4800 ) (7168 0 4800 ) (7168 0 64 ) 
4 63 64 (7168 1024 4800 ) (7168 1024 64 ) (7168 0 64 ) (7168 0 4800 ) 
4 64 246 (7168 0 64 ) (7168 0 4800 ) (6144 0 4800 ) (6144 0 64 ) 
4 64 94 (6144 0 64 ) (6144 0 4800 ) (6144 1024 4800 ) (6144 1024 64 ) 
4 65 71 (6144 5120 960 ) (6144 5120 4800 ) (5120 5120 4800 ) (5120 5120 960 ) 
4 65 67 (5120 6144 4800 ) (5120 6144 960 ) (5120 5120 960 ) (5120 5120 4800 ) 
4 65 66 (5120 5440 960 ) (5120 6144 960 ) (6144 6144 960 ) (6144 5440 960 ) 
4 66 68 (5120 6144 960 ) (5120 6144 64 ) (5120 5440 64 ) (5120 5440 960 ) 
4 67 73 (5120 5120 960 ) (5120 5120 4800 ) (4096 5120 4800 ) (4096 5120 960 ) 
4 67 69 (4096 5120 960 ) (4096 5120 4800 ) (4096 6144 4800 ) (4096 6144 960 ) 
4 67 68 (4096 5440 960 ) (4096 6144 960 ) (5120 6144 960 ) (5120 5440 960 ) 
4 68 70 (4096 5440 960 ) (4096 6144 960 ) (4096 6144 64 ) (4096 5440 64 ) 
4 69 77 (3072 6144 4800 ) (3072 6144 960 ) (3072 5120 960 ) (3072 5120 4800 ) 
4 69 74 (4096 5120 960 ) (4096 5120 4800 ) (3072 5120 4800 ) (3072 5120 960 ) 
4 69 70 (3072 5440 960 ) (3072 6144 960 ) (4096 6144 960 ) (4096 5440 960 ) 
4 70 78 (3072 6144 960 ) (3072 6144 64 ) (3072 5440 64 ) (3072 5440 960 ) 
4 71 73 (5120 5120 4800 ) (5120 5120 960 ) (5120 4096 960 ) (5120 4096 4800 ) 
4 71 72 (6144 4096 960 ) (6144 4096 4800 ) (5120 4096 4800 ) (5120 4096 960 ) 
4 72 89 (6144 3072 960 ) (6144 3072 4800 ) (5120 3072 4800 ) (5120 3072 960 ) 
4 72 75 (5120 3072 960 ) (5120 3072 4800 ) (5120 4096 4800 ) (5120 4096 960 ) 
4 73 75 (5120 4096 960 ) (5120 4096 4800 ) (4096 4096 4800 ) (4096 4096 960 ) 
4 73 74 (4096 5120 4800 ) (4096 5120 960 ) (4096 4096 960 ) (4096 4096 4800 ) 
4 74 83 (3072 4096 960 ) (3072 4096 4800 ) (3072 5120 4800 ) (3072 5120 960 ) 
4 74 76 (4096 4096 960 ) (4096 4096 4800 ) (3072 4096 4800 ) (3072 4096 960 ) 
4 75 90 (5120 3072 960 ) (5120 3072 4800 ) (4096 3072 4800 ) (4096 3072 960 ) 
4 75 76 (4096 4096 4800 ) (4096 4096 960 ) (4096 3072 960 ) (4096 3072 4800 ) 
4 76 91 (4096 3072 960 ) (4096 3072 4800 ) (3072 3072 4800 ) (3072 3072 960 ) 
4 76 84 (3072 3072 960 ) (3072 3072 4800 ) (3072 4096 4800 ) (3072 4096 960 ) 
4 77 83 (3072 5120 960 ) (3072 5120 4800 ) (2048 5120 4800 ) (2048 5120 960 ) 
4 77 79 (2048 6144 4800 ) (2048 6144 960 ) (2048 5120 960 ) (2048 5120 4800 ) 
4 77 78 (2048 5440 960 ) (2048 6144 960 ) (3072 6144 960 ) (3072 5440 960 ) 
4 78 80 (2048 6144 960 ) (2048 6144 64 ) (2048 5440 64 ) (2048 5440 960 ) 
4 79 85 (2048 5120 960 ) (2048 5120 4800 ) (1024 5120 4800 ) (1024 5120 960 ) 
4 79 81 (1024 5120 960 ) (1024 5120 4800 ) (1024 6144 4800 ) (1024 6144 960 ) 
4 79 80 (1024 5440 960 ) (1024 6144 960 ) (2048 6144 960 ) (2048 5440 960 ) 
4 80 82 (1024 5440 960 ) (1024 6144 960 ) (1024 6144 64 ) (1024 5440 64 ) 
4 81 153 (0 5120 960 ) (0 5120 4800 ) (0 6144 4800 ) (0 6144 960 ) 
4 81 86 (1024 5120 960 ) (1024 5120 4800 ) (0 5120 4800 ) (0 5120 960 ) 
4 81 82 (0 5440 960 ) (0 6144 960 ) (1024 6144 960 ) (1024 5440 960 ) 
4 82 154 (0 5440 960 ) (0 6144 960 ) (0 6144 64 ) (0 5440 64 ) 
4 83 85 (2048 5120 4800 ) (2048 5120 960 ) (2048 4096 960 ) (2048 4096 4800 ) 
4 83 84 (3072 4096 960 ) (3072 4096 4800 ) (2048 4096 4800 ) (2048 4096 960 ) 
4 84 101 (3072 3072 960 ) (3072 3072 4800 ) (2048 3072 4800 ) (2048 3072 960 ) 
4 84 87 (2048 3072 960 ) (2048 3072 4800 ) (2048 4096 4800 ) (2048 4096 960 ) 
4 85 87 (2048 4096 960 ) (2048 4096 4800 ) (1024 4096 4800 ) (1024 4096 960 ) 
4 85 86 (1024 5120 4800 ) (1024 5120 960 ) (1024 4096 960 ) (1024 4096 4800 ) 
4 86 157 (0 4096 960 ) (0 4096 4800 ) (0 5120 4800 ) (0 5120 960 ) 
4 86 88 (1024 4096 960 ) (1024 4096 4800 ) (0 4096 4800 ) (0 4096 960 ) 
4 87 102 (2048 3072 960 ) (2048 3072 4800 ) (1024 3072 4800 ) (1024 3072 960 ) 
4 87 88 (1024 4096 4800 ) (1024 4096 960 ) (1024 3072 960 ) (1024 3072 4800 ) 
4 88 159 (0 3072 960 ) (0 3072 4800 ) (0 4096 4800 ) (0 4096 960 ) 
4 88 105 (576 3072 1152 ) (0 3072 1152 ) (0 3072 960 ) (576 3072 960 ) 
4 88 104 (1024 3072 960 ) (1024 3072 1152 ) (576 3072 1152 ) (576 3072 960 ) 
4 88 103 (1024 3072 1152 ) (1024 3072 4800 ) (0 3072 4800 ) (0 3072 1152 ) 
4 89 92 (6144 2048 960 ) (6144 2048 4800 ) (5120 2048 4800 ) (5120 2048 960 ) 
4 89 90 (5120 3072 4800 ) (5120 3072 960 ) (5120 2048 960 ) (5120 2048 4800 ) 
4 90 95 (5120 2048 960 ) (5120 2048 4800 ) (4096 2048 4800 ) (4096 2048 960 ) 
4 90 91 (4096 2048 960 ) (4096 2048 4800 ) (4096 3072 4800 ) (4096 3072 960 ) 
4 91 101 (3072 3072 4800 ) (3072 3072 960 ) (3072 2048 960 ) (3072 2048 4800 ) 
4 91 97 (4096 2048 960 ) (4096 2048 4800 ) (3072 2048 4800 ) (3072 2048 960 ) 
4 92 95 (5120 2048 4800 ) (5120 2048 960 ) (5120 1024 960 ) (5120 1024 4800 ) 
4 92 94 (6144 1024 960 ) (6144 1024 4800 ) (5120 1024 4800 ) (5120 1024 960 ) 
4 92 93 (6144 1024 960 ) (5120 1024 960 ) (5120 1664 960 ) (6144 1664 960 ) 
4 93 96 (5120 1664 64 ) (5120 1024 64 ) (5120 1024 960 ) (5120 1664 960 ) 
4 93 94 (6144 1024 64 ) (6144 1024 960 ) (5120 1024 960 ) (5120 1024 64 ) 
4 94 263 (6144 0 64 ) (6144 0 4800 ) (5120 0 4800 ) (5120 0 64 ) 
4 94 99 (5120 0 64 ) (5120 0 4800 ) (5120 1024 4800 ) (5120 1024 64 ) 
4 95 99 (5120 1024 960 ) (5120 1024 4800 ) (4096 1024 4800 ) (4096 1024 960 ) 
4 95 97 (4096 2048 4800 ) (4096 2048 960 ) (4096 1024 960 ) (4096 1024 4800 ) 
4 95 96 (4096 1024 960 ) (4096 1664 960 ) (5120 1664 960 ) (5120 1024 960 ) 
4 96 99 (5120 1024 64 ) (5120 1024 960 ) (4096 1024 960 ) (4096 1024 64 ) 
4 96 98 (4096 1664 64 ) (4096 1024 64 ) (4096 1024 960 ) (4096 1664 960 ) 
4 97 106 (3072 1024 960 ) (3072 1024 4800 ) (3072 2048 4800 ) (3072 2048 960 ) 
4 97 100 (4096 1024 960 ) (4096 1024 4800 ) (3072 1024 4800 ) (3072 1024 960 ) 
4 97 98 (4096 1024 960 ) (3072 1024 960 ) (3072 1664 960 ) (4096 1664 960 ) 
4 98 107 (3072 1024 64 ) (3072 1024 960 ) (3072 1664 960 ) (3072 1664 64 ) 
4 98 100 (4096 1024 64 ) (4096 1024 960 ) (3072 1024 960 ) (3072 1024 64 ) 
4 99 266 (5120 0 64 ) (5120 0 4800 ) (4096 0 4800 ) (4096 0 64 ) 
4 99 100 (4096 1024 4800 ) (4096 1024 64 ) (4096 0 64 ) (4096 0 4800 ) 
4 100 267 (4096 0 64 ) (4096 0 4800 ) (3072 0 4800 ) (3072 0 64 ) 
4 100 108 (3072 0 64 ) (3072 0 4800 ) (3072 1024 4800 ) (3072 1024 64 ) 
4 101 106 (3072 2048 960 ) (3072 2048 4800 ) (2048 2048 4800 ) (2048 2048 960 ) 
4 101 102 (2048 3072 4800 ) (2048 3072 960 ) (2048 2048 960 ) (2048 2048 4800 ) 
4 102 109 (2048 2048 960 ) (2048 2048 4800 ) (1024 2048 4800 ) (1024 2048 960 ) 
4 102 104 (1024 2048 960 ) (1024 2048 1152 ) (1024 3072 1152 ) (1024 3072 960 ) 
4 102 103 (1024 2048 1152 ) (1024 2048 4800 ) (1024 3072 4800 ) (1024 3072 1152 ) 
4 103 173 (0 2048 1152 ) (0 2048 4800 ) (0 3072 4800 ) (0 3072 1152 ) 
4 103 113 (576 2048 4800 ) (0 2048 4800 ) (0 2048 1152 ) (576 2048 1152 ) 
4 103 111 (1024 2048 1152 ) (1024 2048 4800 ) (576 2048 4800 ) (576 2048 1152 ) 
4 103 105 (0 2752 1152 ) (0 3072 1152 ) (576 3072 1152 ) (576 2752 1152 ) 
4 103 104 (1024 2048 1152 ) (576 2048 1152 ) (576 3072 1152 ) (1024 3072 1152 ) 
4 104 111 (1024 2048 960 ) (1024 2048 1152 ) (576 2048 1152 ) (576 2048 960 ) 
4 104 105 (576 3072 960 ) (576 2752 960 ) (576 2752 1152 ) (576 3072 1152 ) 
4 105 177 (0 2752 1152 ) (0 3072 1152 ) (0 3072 960 ) (0 2752 960 ) 
4 106 109 (2048 2048 4800 ) (2048 2048 960 ) (2048 1024 960 ) (2048 1024 4800 ) 
4 106 108 (3072 1024 960 ) (3072 1024 4800 ) (2048 1024 4800 ) (2048 1024 960 ) 
4 106 107 (3072 1024 960 ) (2048 1024 960 ) (2048 1664 960 ) (3072 1664 960 ) 
4 107 110 (2048 1664 64 ) (2048 1024 64 ) (2048 1024 960 ) (2048 1664 960 ) 
4 107 108 (3072 1024 64 ) (3072 1024 960 ) (2048 1024 960 ) (2048 1024 64 ) 
4 108 281 (3072 0 64 ) (3072 0 4800 ) (2048 0 4800 ) (2048 0 64 ) 
4 108 114 (2048 0 64 ) (2048 0 4800 ) (2048 1024 4800 ) (2048 1024 64 ) 
4 109 114 (2048 1024 960 ) (2048 1024 4800 ) (1024 1024 4800 ) (1024 1024 960 ) 
4 109 111 (1024 2048 4800 ) (1024 2048 960 ) (1024 1664 960 ) (1024 1664 4800 ) 
4 109 112 (1024 1664 960 ) (1024 1024 960 ) (1024 1024 4800 ) (1024 1664 4800 ) 
4 109 110 (1024 1024 960 ) (1024 1664 960 ) (2048 1664 960 ) (2048 1024 960 ) 
4 110 114 (2048 1024 64 ) (2048 1024 960 ) (1024 1024 960 ) (1024 1024 64 ) 
4 110 112 (1024 1664 64 ) (1024 1024 64 ) (1024 1024 960 ) (1024 1664 960 ) 
4 111 113 (576 2048 4800 ) (576 2048 1152 ) (576 1664 1152 ) (576 1664 4800 ) 
4 111 112 (1024 1664 4800 ) (576 1664 4800 ) (576 1664 960 ) (1024 1664 960 ) 
4 112 116 (1024 1024 64 ) (1024 1024 1152 ) (576 1024 1152 ) (576 1024 64 ) 
4 112 115 (1024 1024 1152 ) (1024 1024 4800 ) (576 1024 4800 ) (576 1024 1152 ) 
4 112 113 (576 1024 1152 ) (576 1024 4800 ) (576 1664 4800 ) (576 1664 1152 ) 
4 113 182 (0 1024 1152 ) (0 1024 1600 ) (0 2048 1600 ) (0 2048 1152 ) 
4 113 181 (0 1024 1600 ) (0 1024 4800 ) (0 2048 4800 ) (0 2048 1600 ) 
4 113 115 (0 1024 4800 ) (0 1024 1152 ) (576 1024 1152 ) (576 1024 4800 ) 
4 114 284 (2048 0 64 ) (2048 0 4800 ) (1024 0 4800 ) (1024 0 64 ) 
4 114 116 (1024 1024 1152 ) (1024 1024 64 ) (1024 0 64 ) (1024 0 1152 ) 
4 114 115 (1024 1024 4800 ) (1024 1024 1152 ) (1024 0 1152 ) (1024 0 4800 ) 
4 115 285 (1024 0 1152 ) (1024 0 4800 ) (0 0 4800 ) (0 0 1152 ) 
4 115 188 (0 0 1152 ) (0 0 1600 ) (0 1024 1600 ) (0 1024 1152 ) 
4 115 187 (0 0 1600 ) (0 0 4800 ) (0 1024 4800 ) (0 1024 1600 ) 
4 115 116 (1024 0 1152 ) (576 0 1152 ) (576 1024 1152 ) (1024 1024 1152 ) 
4 116 286 (1024 0 64 ) (1024 0 1152 ) (576 0 1152 ) (576 0 64 ) 
4 117 122 (0 9216 64 ) (0 9216 4800 ) (-1024 9216 4800 ) (-1024 9216 64 ) 
4 117 118 (-1024 9216 64 ) (-1024 9216 4800 ) (-1024 9280 4800 ) (-1024 9280 64 ) 
4 118 123 (-1024 9216 64 ) (-1024 9216 4800 ) (-2048 9216 4800 ) (-2048 9216 64 ) 
4 118 119 (-2048 9216 64 ) (-2048 9216 4800 ) (-2048 9280 4800 ) (-2048 9280 64 ) 
4 119 128 (-2048 9216 64 ) (-2048 9216 4800 ) (-3072 9216 4800 ) (-3072 9216 64 ) 
4 119 120 (-3072 9216 64 ) (-3072 9216 4800 ) (-3072 9280 4800 ) (-3072 9280 64 ) 
4 120 129 (-3072 9216 64 ) (-3072 9216 4800 ) (-4096 9216 4800 ) (-4096 9216 64 ) 
4 120 121 (-4096 9216 64 ) (-4096 9216 4800 ) (-4096 9280 4800 ) (-4096 9280 64 ) 
4 121 137 (-5120 9216 64 ) (-5120 9216 4800 ) (-5120 9280 4800 ) (-5120 9280 64 ) 
4 121 130 (-4096 9216 64 ) (-4096 9216 4800 ) (-5120 9216 4800 ) (-5120 9216 64 ) 
4 122 124 (0 8192 64 ) (0 8192 4800 ) (-1024 8192 4800 ) (-1024 8192 64 ) 
4 122 123 (-1024 9216 4800 ) (-1024 9216 64 ) (-1024 8192 64 ) (-1024 8192 4800 ) 
4 123 128 (-2048 9216 4800 ) (-2048 9216 64 ) (-2048 8192 64 ) (-2048 8192 4800 ) 
4 123 125 (-1024 8192 64 ) (-1024 8192 4800 ) (-2048 8192 4800 ) (-2048 8192 64 ) 
4 124 126 (0 7168 64 ) (0 7168 4800 ) (-1024 7168 4800 ) (-1024 7168 64 ) 
4 124 125 (-1024 7168 64 ) (-1024 7168 4800 ) (-1024 8192 4800 ) (-1024 8192 64 ) 
4 125 131 (-2048 7168 64 ) (-2048 7168 4800 ) (-2048 8192 4800 ) (-2048 8192 64 ) 
4 125 127 (-2048 7168 4800 ) (-2048 7168 64 ) (-1024 7168 64 ) (-1024 7168 4800 ) 
4 126 154 (0 6144 64 ) (0 6144 960 ) (-1024 6144 960 ) (-1024 6144 64 ) 
4 126 153 (0 6144 960 ) (0 6144 4800 ) (-1024 6144 4800 ) (-1024 6144 960 ) 
4 126 127 (-1024 7168 4800 ) (-1024 7168 64 ) (-1024 6144 64 ) (-1024 6144 4800 ) 
4 127 156 (-1024 6144 64 ) (-1024 6144 960 ) (-2048 6144 960 ) (-2048 6144 64 ) 
4 127 155 (-1024 6144 960 ) (-1024 6144 4800 ) (-2048 6144 4800 ) (-2048 6144 960 ) 
4 127 132 (-2048 6144 64 ) (-2048 6144 4800 ) (-2048 7168 4800 ) (-2048 7168 64 ) 
4 128 131 (-2048 8192 64 ) (-2048 8192 4800 ) (-3072 8192 4800 ) (-3072 8192 64 ) 
4 128 129 (-3072 9216 4800 ) (-3072 9216 64 ) (-3072 8192 64 ) (-3072 8192 4800 ) 
4 129 133 (-3072 8192 64 ) (-3072 8192 4800 ) (-4096 8192 4800 ) (-4096 8192 64 ) 
4 129 130 (-4096 8192 64 ) (-4096 8192 4800 ) (-4096 9216 4800 ) (-4096 9216 64 ) 
4 130 140 (-5120 8192 64 ) (-5120 8192 4800 ) (-5120 9216 4800 ) (-5120 9216 64 ) 
4 130 134 (-4096 8192 64 ) (-4096 8192 4800 ) (-5120 8192 4800 ) (-5120 8192 64 ) 
4 131 133 (-3072 8192 4800 ) (-3072 8192 64 ) (-3072 7168 64 ) (-3072 7168 4800 ) 
4 131 132 (-2048 7168 64 ) (-2048 7168 4800 ) (-3072 7168 4800 ) (-3072 7168 64 ) 
4 132 162 (-2048 6144 64 ) (-2048 6144 960 ) (-3072 6144 960 ) (-3072 6144 64 ) 
4 132 161 (-2048 6144 960 ) (-2048 6144 4800 ) (-3072 6144 4800 ) (-3072 6144 960 ) 
4 132 135 (-3072 6144 64 ) (-3072 6144 4800 ) (-3072 7168 4800 ) (-3072 7168 64 ) 
4 133 135 (-3072 7168 64 ) (-3072 7168 4800 ) (-4096 7168 4800 ) (-4096 7168 64 ) 
4 133 134 (-4096 8192 4800 ) (-4096 8192 64 ) (-4096 7168 64 ) (-4096 7168 4800 ) 
4 134 143 (-5120 7168 64 ) (-5120 7168 4800 ) (-5120 8192 4800 ) (-5120 8192 64 ) 
4 134 136 (-4096 7168 64 ) (-4096 7168 4800 ) (-5120 7168 4800 ) (-5120 7168 64 ) 
4 135 164 (-3072 6144 64 ) (-3072 6144 960 ) (-4096 6144 960 ) (-4096 6144 64 ) 
4 135 163 (-3072 6144 960 ) (-3072 6144 4800 ) (-4096 6144 4800 ) (-4096 6144 960 ) 
4 135 136 (-4096 7168 4800 ) (-4096 7168 64 ) (-4096 6144 64 ) (-4096 6144 4800 ) 
4 136 166 (-4096 6144 64 ) (-4096 6144 960 ) (-5120 6144 960 ) (-5120 6144 64 ) 
4 136 165 (-4096 6144 960 ) (-4096 6144 4800 ) (-5120 6144 4800 ) (-5120 6144 960 ) 
4 136 144 (-5120 6144 64 ) (-5120 6144 4800 ) (-5120 7168 4800 ) (-5120 7168 64 ) 
4 137 140 (-5120 9216 64 ) (-5120 9216 4800 ) (-6144 9216 4800 ) (-6144 9216 64 ) 
4 137 138 (-6144 9216 64 ) (-6144 9216 4800 ) (-6144 9280 4800 ) (-6144 9280 64 ) 
4 138 141 (-6144 9216 64 ) (-6144 9216 4800 ) (-7168 9216 4800 ) (-7168 9216 64 ) 
4 138 139 (-7168 9216 64 ) (-7168 9216 4800 ) (-7168 9280 4800 ) (-7168 9280 64 ) 
4 139 149 (-8192 9216 64 ) (-8192 9216 4800 ) (-8192 9280 4800 ) (-8192 9280 64 ) 
4 139 142 (-7168 9216 64 ) (-7168 9216 4800 ) (-8192 9216 4800 ) (-8192 9216 64 ) 
4 140 143 (-5120 8192 64 ) (-5120 8192 4800 ) (-6144 8192 4800 ) (-6144 8192 64 ) 
4 140 141 (-6144 8192 64 ) (-6144 8192 4800 ) (-6144 9216 4800 ) (-6144 9216 64 ) 
4 141 145 (-6144 8192 64 ) (-6144 8192 4800 ) (-7168 8192 4800 ) (-7168 8192 64 ) 
4 141 142 (-7168 9216 4800 ) (-7168 9216 64 ) (-7168 8192 64 ) (-7168 8192 4800 ) 
4 142 150 (-8192 8192 64 ) (-8192 8192 4800 ) (-8192 9216 4800 ) (-8192 9216 64 ) 
4 142 146 (-8192 8192 4800 ) (-8192 8192 64 ) (-7168 8192 64 ) (-7168 8192 4800 ) 
4 143 145 (-6144 8192 4800 ) (-6144 8192 64 ) (-6144 7168 64 ) (-6144 7168 4800 ) 
4 143 144 (-5120 7168 64 ) (-5120 7168 4800 ) (-6144 7168 4800 ) (-6144 7168 64 ) 
4 144 205 (-5120 6144 64 ) (-5120 6144 960 ) (-6144 6144 960 ) (-6144 6144 64 ) 
4 144 204 (-5120 6144 960 ) (-5120 6144 4800 ) (-6144 6144 4800 ) (-6144 6144 960 ) 
4 144 147 (-6144 6144 64 ) (-6144 6144 4800 ) (-6144 7168 4800 ) (-6144 7168 64 ) 
4 145 147 (-6144 7168 64 ) (-6144 7168 4800 ) (-7168 7168 4800 ) (-7168 7168 64 ) 
4 145 146 (-7168 8192 4800 ) (-7168 8192 64 ) (-7168 7168 64 ) (-7168 7168 4800 ) 
4 146 151 (-8192 7168 64 ) (-8192 7168 4800 ) (-8192 8192 4800 ) (-8192 8192 64 ) 
4 146 148 (-8192 7168 4800 ) (-8192 7168 64 ) (-7168 7168 64 ) (-7168 7168 4800 ) 
4 147 207 (-6144 6144 64 ) (-6144 6144 960 ) (-7168 6144 960 ) (-7168 6144 64 ) 
4 147 206 (-6144 6144 960 ) (-6144 6144 4800 ) (-7168 6144 4800 ) (-7168 6144 960 ) 
4 147 148 (-7168 7168 4800 ) (-7168 7168 64 ) (-7168 6144 64 ) (-7168 6144 4800 ) 
4 148 209 (-7168 6144 64 ) (-7168 6144 960 ) (-8192 6144 960 ) (-8192 6144 64 ) 
4 148 208 (-7168 6144 960 ) (-7168 6144 4800 ) (-8192 6144 4800 ) (-8192 6144 960 ) 
4 148 152 (-8192 6144 64 ) (-8192 6144 4800 ) (-8192 7168 4800 ) (-8192 7168 64 ) 
4 149 150 (-8192 9216 64 ) (-8192 9216 4800 ) (-9216 9216 4800 ) (-9216 9216 64 ) 
4 150 151 (-8192 8192 64 ) (-8192 8192 4800 ) (-9216 8192 4800 ) (-9216 8192 64 ) 
4 151 152 (-8192 7168 64 ) (-8192 7168 4800 ) (-9216 7168 4800 ) (-9216 7168 64 ) 
4 152 217 (-8192 6144 64 ) (-8192 6144 960 ) (-9024 6144 960 ) (-9024 6144 64 ) 
4 152 218 (-9024 6144 960 ) (-9216 6144 960 ) (-9216 6144 64 ) (-9024 6144 64 ) 
4 152 216 (-8192 6144 960 ) (-8192 6144 4800 ) (-9216 6144 4800 ) (-9216 6144 960 ) 
4 153 157 (0 5120 960 ) (0 5120 4800 ) (-1024 5120 4800 ) (-1024 5120 960 ) 
4 153 155 (-1024 6144 4800 ) (-1024 6144 960 ) (-1024 5120 960 ) (-1024 5120 4800 ) 
4 153 154 (-1024 5440 960 ) (-1024 6144 960 ) (0 6144 960 ) (0 5440 960 ) 
4 154 156 (-1024 6144 960 ) (-1024 6144 64 ) (-1024 5440 64 ) (-1024 5440 960 ) 
4 155 161 (-2048 6144 4800 ) (-2048 6144 960 ) (-2048 5120 960 ) (-2048 5120 4800 ) 
4 155 158 (-1024 5120 960 ) (-1024 5120 4800 ) (-2048 5120 4800 ) (-2048 5120 960 ) 
4 155 156 (-2048 5440 960 ) (-2048 6144 960 ) (-1024 6144 960 ) (-1024 5440 960 ) 
4 156 162 (-2048 6144 960 ) (-2048 6144 64 ) (-2048 5440 64 ) (-2048 5440 960 ) 
4 157 159 (0 4096 960 ) (0 4096 4800 ) (-1024 4096 4800 ) (-1024 4096 960 ) 
4 157 158 (-1024 4096 960 ) (-1024 4096 4800 ) (-1024 5120 4800 ) (-1024 5120 960 ) 
4 158 167 (-2048 4096 960 ) (-2048 4096 4800 ) (-2048 5120 4800 ) (-2048 5120 960 ) 
4 158 160 (-2048 4096 4800 ) (-2048 4096 960 ) (-1024 4096 960 ) (-1024 4096 4800 ) 
4 159 177 (0 3072 960 ) (0 3072 1152 ) (-1024 3072 1152 ) (-1024 3072 960 ) 
4 159 174 (-384 3072 4800 ) (-448 3072 4800 ) (-448 3072 1152 ) (-384 3072 1152 ) 
4 159 173 (0 3072 1152 ) (0 3072 4800 ) (-384 3072 4800 ) (-384 3072 1152 ) 
4 159 176 (-448 3072 4800 ) (-1024 3072 4800 ) (-1024 3072 1152 ) (-448 3072 1152 ) 
4 159 160 (-1024 4096 4800 ) (-1024 4096 960 ) (-1024 3072 960 ) (-1024 3072 4800 ) 
4 160 179 (-1024 3072 960 ) (-1024 3072 1152 ) (-1600 3072 1152 ) (-1600 3072 960 ) 
4 160 180 (-1600 3072 1152 ) (-2048 3072 1152 ) (-2048 3072 960 ) (-1600 3072 960 ) 
4 160 178 (-1024 3072 1152 ) (-1024 3072 4800 ) (-2048 3072 4800 ) (-2048 3072 1152 ) 
4 160 168 (-2048 3072 960 ) (-2048 3072 4800 ) (-2048 4096 4800 ) (-2048 4096 960 ) 
4 161 167 (-2048 5120 960 ) (-2048 5120 4800 ) (-3072 5120 4800 ) (-3072 5120 960 ) 
4 161 163 (-3072 6144 4800 ) (-3072 6144 960 ) (-3072 5120 960 ) (-3072 5120 4800 ) 
4 161 162 (-3072 5440 960 ) (-3072 6144 960 ) (-2048 6144 960 ) (-2048 5440 960 ) 
4 162 164 (-3072 6144 960 ) (-3072 6144 64 ) (-3072 5440 64 ) (-3072 5440 960 ) 
4 163 169 (-3072 5120 960 ) (-3072 5120 4800 ) (-4096 5120 4800 ) (-4096 5120 960 ) 
4 163 165 (-4096 5120 960 ) (-4096 5120 4800 ) (-4096 6144 4800 ) (-4096 6144 960 ) 
4 163 164 (-4096 5440 960 ) (-4096 6144 960 ) (-3072 6144 960 ) (-3072 5440 960 ) 
4 164 166 (-4096 5440 960 ) (-4096 6144 960 ) (-4096 6144 64 ) (-4096 5440 64 ) 
4 165 204 (-5120 6144 4800 ) (-5120 6144 960 ) (-5120 5120 960 ) (-5120 5120 4800 ) 
4 165 170 (-4096 5120 960 ) (-4096 5120 4800 ) (-5120 5120 4800 ) (-5120 5120 960 ) 
4 165 166 (-5120 5440 960 ) (-5120 6144 960 ) (-4096 6144 960 ) (-4096 5440 960 ) 
4 166 205 (-5120 6144 960 ) (-5120 6144 64 ) (-5120 5440 64 ) (-5120 5440 960 ) 
4 167 169 (-3072 5120 4800 ) (-3072 5120 960 ) (-3072 4096 960 ) (-3072 4096 4800 ) 
4 167 168 (-2048 4096 960 ) (-2048 4096 4800 ) (-3072 4096 4800 ) (-3072 4096 960 ) 
4 168 192 (-2048 3072 960 ) (-2048 3072 4800 ) (-3072 3072 4800 ) (-3072 3072 960 ) 
4 168 171 (-3072 3072 960 ) (-3072 3072 4800 ) (-3072 4096 4800 ) (-3072 4096 960 ) 
4 169 171 (-3072 4096 960 ) (-3072 4096 4800 ) (-4096 4096 4800 ) (-4096 4096 960 ) 
4 169 170 (-4096 5120 4800 ) (-4096 5120 960 ) (-4096 4096 960 ) (-4096 4096 4800 ) 
4 170 210 (-5120 4096 960 ) (-5120 4096 4800 ) (-5120 5120 4800 ) (-5120 5120 960 ) 
4 170 172 (-4096 4096 960 ) (-4096 4096 4800 ) (-5120 4096 4800 ) (-5120 4096 960 ) 
4 171 193 (-3072 3072 960 ) (-3072 3072 4800 ) (-4096 3072 4800 ) (-4096 3072 960 ) 
4 171 172 (-4096 4096 4800 ) (-4096 4096 960 ) (-4096 3072 960 ) (-4096 3072 4800 ) 
4 172 211 (-5120 3072 960 ) (-5120 3072 4800 ) (-5120 4096 4800 ) (-5120 4096 960 ) 
4 172 194 (-4096 3072 960 ) (-4096 3072 4800 ) (-5120 3072 4800 ) (-5120 3072 960 ) 
4 173 182 (0 2048 1152 ) (0 2048 1600 ) (-384 2048 1600 ) (-384 2048 1152 ) 
4 173 181 (0 2048 1600 ) (0 2048 4800 ) (-384 2048 4800 ) (-384 2048 1600 ) 
4 173 177 (-384 3072 1152 ) (0 3072 1152 ) (0 2752 1152 ) (-384 2752 1152 ) 
4 173 175 (-384 2048 1600 ) (-384 2048 4800 ) (-384 2752 4800 ) (-384 2752 1600 ) 
4 173 174 (-384 3072 1152 ) (-384 2752 1152 ) (-384 2752 4800 ) (-384 3072 4800 ) 
4 174 177 (-448 3072 1152 ) (-384 3072 1152 ) (-384 2752 1152 ) (-448 2752 1152 ) 
4 174 175 (-448 2752 4800 ) (-448 2752 1600 ) (-384 2752 1600 ) (-384 2752 4800 ) 
4 174 176 (-448 3072 1152 ) (-448 2752 1152 ) (-448 2752 4800 ) (-448 3072 4800 ) 
4 175 181 (-384 2048 4800 ) (-448 2048 4800 ) (-448 2048 1600 ) (-384 2048 1600 ) 
4 175 176 (-448 2048 1600 ) (-448 2048 4800 ) (-448 2752 4800 ) (-448 2752 1600 ) 
4 176 183 (-1024 2048 1600 ) (-1024 2048 1152 ) (-448 2048 1152 ) (-448 2048 1600 ) 
4 176 181 (-448 2048 4800 ) (-1024 2048 4800 ) (-1024 2048 1600 ) (-448 2048 1600 ) 
4 176 178 (-1024 3072 4800 ) (-1024 3072 1152 ) (-1024 2048 1152 ) (-1024 2048 4800 ) 
4 176 177 (-1024 2752 1152 ) (-1024 3072 1152 ) (-448 3072 1152 ) (-448 2752 1152 ) 
4 177 179 (-1024 3072 1152 ) (-1024 3072 960 ) (-1024 2752 960 ) (-1024 2752 1152 ) 
4 178 192 (-2048 3072 4800 ) (-2048 3072 1152 ) (-2048 2048 1152 ) (-2048 2048 4800 ) 
4 178 185 (-1600 2048 4800 ) (-2048 2048 4800 ) (-2048 2048 1152 ) (-1600 2048 1152 ) 
4 178 184 (-1024 2048 1152 ) (-1024 2048 4800 ) (-1600 2048 4800 ) (-1600 2048 1152 ) 
4 178 179 (-1600 2752 1152 ) (-1600 3072 1152 ) (-1024 3072 1152 ) (-1024 2752 1152 ) 
4 178 180 (-1600 2048 1152 ) (-2048 2048 1152 ) (-2048 3072 1152 ) (-1600 3072 1152 ) 
4 179 180 (-1600 3072 960 ) (-1600 2752 960 ) (-1600 2752 1152 ) (-1600 3072 1152 ) 
4 180 192 (-2048 3072 1152 ) (-2048 3072 960 ) (-2048 2048 960 ) (-2048 2048 1152 ) 
4 180 185 (-1600 2048 1152 ) (-2048 2048 1152 ) (-2048 2048 960 ) (-1600 2048 960 ) 
4 181 187 (0 1024 1600 ) (0 1024 4800 ) (-1024 1024 4800 ) (-1024 1024 1600 ) 
4 181 184 (-1024 1024 1600 ) (-1024 1024 4800 ) (-1024 2048 4800 ) (-1024 2048 1600 ) 
4 181 182 (-384 2048 1600 ) (0 2048 1600 ) (0 1024 1600 ) (-384 1024 1600 ) 
4 181 183 (-1024 1024 1600 ) (-1024 2048 1600 ) (-448 2048 1600 ) (-448 1024 1600 ) 
4 182 188 (0 1024 1152 ) (0 1024 1600 ) (-384 1024 1600 ) (-384 1024 1152 ) 
4 183 189 (-448 1024 1600 ) (-1024 1024 1600 ) (-1024 1024 1152 ) (-448 1024 1152 ) 
4 183 184 (-1024 1024 1152 ) (-1024 1024 1600 ) (-1024 2048 1600 ) (-1024 2048 1152 ) 
4 184 190 (-1024 1024 1152 ) (-1024 1024 4800 ) (-1600 1024 4800 ) (-1600 1024 1152 ) 
4 184 185 (-1600 1664 4800 ) (-1600 2048 4800 ) (-1600 2048 1152 ) (-1600 1664 1152 ) 
4 184 186 (-1600 1024 1152 ) (-1600 1024 4800 ) (-1600 1664 4800 ) (-1600 1664 1152 ) 
4 185 195 (-2048 1664 4800 ) (-2048 2048 4800 ) (-2048 2048 960 ) (-2048 1664 960 ) 
4 185 186 (-1600 1664 960 ) (-1600 1664 4800 ) (-2048 1664 4800 ) (-2048 1664 960 ) 
4 186 196 (-2048 1024 64 ) (-2048 1024 960 ) (-2048 1664 960 ) (-2048 1664 64 ) 
4 186 195 (-2048 1024 960 ) (-2048 1024 4800 ) (-2048 1664 4800 ) (-2048 1664 960 ) 
4 186 191 (-2048 1024 1152 ) (-2048 1024 64 ) (-1600 1024 64 ) (-1600 1024 1152 ) 
4 186 190 (-2048 1024 4800 ) (-2048 1024 1152 ) (-1600 1024 1152 ) (-1600 1024 4800 ) 
4 187 358 (0 0 1600 ) (0 0 4800 ) (-1024 0 4800 ) (-1024 0 1600 ) 
4 187 190 (-1024 1024 4800 ) (-1024 1024 1600 ) (-1024 0 1600 ) (-1024 0 4800 ) 
4 187 188 (-384 1024 1600 ) (0 1024 1600 ) (0 0 1600 ) (-384 0 1600 ) 
4 187 189 (-1024 0 1600 ) (-1024 1024 1600 ) (-448 1024 1600 ) (-448 0 1600 ) 
4 188 359 (0 0 1152 ) (0 0 1600 ) (-384 0 1600 ) (-384 0 1152 ) 
4 189 360 (-448 0 1600 ) (-1024 0 1600 ) (-1024 0 1152 ) (-448 0 1152 ) 
4 189 190 (-1024 1024 1600 ) (-1024 1024 1152 ) (-1024 0 1152 ) (-1024 0 1600 ) 
4 190 361 (-1024 0 1152 ) (-1024 0 4800 ) (-2048 0 4800 ) (-2048 0 1152 ) 
4 190 197 (-2048 0 1152 ) (-2048 0 4800 ) (-2048 1024 4800 ) (-2048 1024 1152 ) 
4 190 191 (-1600 0 1152 ) (-2048 0 1152 ) (-2048 1024 1152 ) (-1600 1024 1152 ) 
4 191 362 (-1600 0 1152 ) (-2048 0 1152 ) (-2048 0 64 ) (-1600 0 64 ) 
4 191 197 (-2048 0 64 ) (-2048 0 1152 ) (-2048 1024 1152 ) (-2048 1024 64 ) 
4 192 195 (-2048 2048 960 ) (-2048 2048 4800 ) (-3072 2048 4800 ) (-3072 2048 960 ) 
4 192 193 (-3072 3072 4800 ) (-3072 3072 960 ) (-3072 2048 960 ) (-3072 2048 4800 ) 
4 193 198 (-3072 2048 960 ) (-3072 2048 4800 ) (-4096 2048 4800 ) (-4096 2048 960 ) 
4 193 194 (-4096 2048 960 ) (-4096 2048 4800 ) (-4096 3072 4800 ) (-4096 3072 960 ) 
4 194 223 (-5120 2048 960 ) (-5120 2048 4800 ) (-5120 3072 4800 ) (-5120 3072 960 ) 
4 194 200 (-4096 2048 960 ) (-4096 2048 4800 ) (-5120 2048 4800 ) (-5120 2048 960 ) 
4 195 198 (-3072 2048 4800 ) (-3072 2048 960 ) (-3072 1024 960 ) (-3072 1024 4800 ) 
4 195 197 (-2048 1024 960 ) (-2048 1024 4800 ) (-3072 1024 4800 ) (-3072 1024 960 ) 
4 195 196 (-2048 1024 960 ) (-3072 1024 960 ) (-3072 1664 960 ) (-2048 1664 960 ) 
4 196 199 (-3072 1664 64 ) (-3072 1024 64 ) (-3072 1024 960 ) (-3072 1664 960 ) 
4 196 197 (-2048 1024 64 ) (-2048 1024 960 ) (-3072 1024 960 ) (-3072 1024 64 ) 
4 197 369 (-2048 0 64 ) (-2048 0 4800 ) (-3072 0 4800 ) (-3072 0 64 ) 
4 197 202 (-3072 0 64 ) (-3072 0 4800 ) (-3072 1024 4800 ) (-3072 1024 64 ) 
4 198 202 (-3072 1024 960 ) (-3072 1024 4800 ) (-4096 1024 4800 ) (-4096 1024 960 ) 
4 198 200 (-4096 2048 4800 ) (-4096 2048 960 ) (-4096 1024 960 ) (-4096 1024 4800 ) 
4 198 199 (-4096 1024 960 ) (-4096 1664 960 ) (-3072 1664 960 ) (-3072 1024 960 ) 
4 199 202 (-3072 1024 64 ) (-3072 1024 960 ) (-4096 1024 960 ) (-4096 1024 64 ) 
4 199 201 (-4096 1664 64 ) (-4096 1024 64 ) (-4096 1024 960 ) (-4096 1664 960 ) 
4 200 226 (-5120 1024 960 ) (-5120 1024 4800 ) (-5120 2048 4800 ) (-5120 2048 960 ) 
4 200 203 (-4096 1024 960 ) (-4096 1024 4800 ) (-5120 1024 4800 ) (-5120 1024 960 ) 
4 200 201 (-4096 1024 960 ) (-5120 1024 960 ) (-5120 1664 960 ) (-4096 1664 960 ) 
4 201 227 (-5120 1024 64 ) (-5120 1024 960 ) (-5120 1664 960 ) (-5120 1664 64 ) 
4 201 203 (-4096 1024 64 ) (-4096 1024 960 ) (-5120 1024 960 ) (-5120 1024 64 ) 
4 202 372 (-3072 0 64 ) (-3072 0 4800 ) (-4096 0 4800 ) (-4096 0 64 ) 
4 202 203 (-4096 1024 4800 ) (-4096 1024 64 ) (-4096 0 64 ) (-4096 0 4800 ) 
4 203 373 (-4096 0 64 ) (-4096 0 4800 ) (-5120 0 4800 ) (-5120 0 64 ) 
4 203 228 (-5120 0 64 ) (-5120 0 4800 ) (-5120 1024 4800 ) (-5120 1024 64 ) 
4 204 210 (-5120 5120 960 ) (-5120 5120 4800 ) (-6144 5120 4800 ) (-6144 5120 960 ) 
4 204 206 (-6144 6144 4800 ) (-6144 6144 960 ) (-6144 5120 960 ) (-6144 5120 4800 ) 
4 204 205 (-6144 5440 960 ) (-6144 6144 960 ) (-5120 6144 960 ) (-5120 5440 960 ) 
4 205 207 (-6144 6144 960 ) (-6144 6144 64 ) (-6144 5440 64 ) (-6144 5440 960 ) 
4 206 212 (-6144 5120 960 ) (-6144 5120 4800 ) (-7168 5120 4800 ) (-7168 5120 960 ) 
4 206 208 (-7168 5120 960 ) (-7168 5120 4800 ) (-7168 6144 4800 ) (-7168 6144 960 ) 
4 206 207 (-7168 5440 960 ) (-7168 6144 960 ) (-6144 6144 960 ) (-6144 5440 960 ) 
4 207 209 (-7168 5440 960 ) (-7168 6144 960 ) (-7168 6144 64 ) (-7168 5440 64 ) 
4 208 216 (-8192 6144 4800 ) (-8192 6144 960 ) (-8192 5120 960 ) (-8192 5120 4800 ) 
4 208 213 (-7168 5120 960 ) (-7168 5120 4800 ) (-8192 5120 4800 ) (-8192 5120 960 ) 
4 208 209 (-8192 5440 960 ) (-8192 6144 960 ) (-7168 6144 960 ) (-7168 5440 960 ) 
4 209 217 (-8192 6144 960 ) (-8192 6144 64 ) (-8192 5440 64 ) (-8192 5440 960 ) 
4 210 212 (-6144 5120 4800 ) (-6144 5120 960 ) (-6144 4096 960 ) (-6144 4096 4800 ) 
4 210 211 (-5120 4096 960 ) (-5120 4096 4800 ) (-6144 4096 4800 ) (-6144 4096 960 ) 
4 211 223 (-5120 3072 960 ) (-5120 3072 4800 ) (-6144 3072 4800 ) (-6144 3072 960 ) 
4 211 214 (-6144 3072 960 ) (-6144 3072 4800 ) (-6144 4096 4800 ) (-6144 4096 960 ) 
4 212 214 (-6144 4096 960 ) (-6144 4096 4800 ) (-7168 4096 4800 ) (-7168 4096 960 ) 
4 212 213 (-7168 5120 4800 ) (-7168 5120 960 ) (-7168 4096 960 ) (-7168 4096 4800 ) 
4 213 219 (-8192 4096 960 ) (-8192 4096 4800 ) (-8192 5120 4800 ) (-8192 5120 960 ) 
4 213 215 (-7168 4096 960 ) (-7168 4096 4800 ) (-8192 4096 4800 ) (-8192 4096 960 ) 
4 214 224 (-6144 3072 960 ) (-6144 3072 4800 ) (-7168 3072 4800 ) (-7168 3072 960 ) 
4 214 215 (-7168 4096 4800 ) (-7168 4096 960 ) (-7168 3072 960 ) (-7168 3072 4800 ) 
4 215 225 (-7168 3072 960 ) (-7168 3072 4800 ) (-8192 3072 4800 ) (-8192 3072 960 ) 
4 215 221 (-8192 3072 960 ) (-8192 3072 4800 ) (-8192 4096 4800 ) (-8192 4096 960 ) 
4 216 219 (-8192 5120 960 ) (-8192 5120 4800 ) (-9216 5120 4800 ) (-9216 5120 960 ) 
4 216 217 (-9024 6144 960 ) (-8192 6144 960 ) (-8192 5440 960 ) (-9024 5440 960 ) 
4 216 218 (-9216 5120 960 ) (-9216 6144 960 ) (-9024 6144 960 ) (-9024 5120 960 ) 
4 217 218 (-9024 6144 64 ) (-9024 5440 64 ) (-9024 5440 960 ) (-9024 6144 960 ) 
4 218 220 (-9024 5120 960 ) (-9216 5120 960 ) (-9216 5120 64 ) (-9024 5120 64 ) 
4 219 221 (-8192 4096 960 ) (-8192 4096 4800 ) (-9216 4096 4800 ) (-9216 4096 960 ) 
4 219 220 (-9024 4096 960 ) (-9216 4096 960 ) (-9216 5120 960 ) (-9024 5120 960 ) 
4 220 222 (-9024 4096 960 ) (-9216 4096 960 ) (-9216 4096 64 ) (-9024 4096 64 ) 
4 221 235 (-8192 3072 960 ) (-8192 3072 4800 ) (-9216 3072 4800 ) (-9216 3072 960 ) 
4 221 222 (-9024 3072 960 ) (-9216 3072 960 ) (-9216 4096 960 ) (-9024 4096 960 ) 
4 222 236 (-9024 3072 960 ) (-9216 3072 960 ) (-9216 3072 64 ) (-9024 3072 64 ) 
4 223 226 (-5120 2048 960 ) (-5120 2048 4800 ) (-6144 2048 4800 ) (-6144 2048 960 ) 
4 223 224 (-6144 3072 4800 ) (-6144 3072 960 ) (-6144 2048 960 ) (-6144 2048 4800 ) 
4 224 229 (-6144 2048 960 ) (-6144 2048 4800 ) (-7168 2048 4800 ) (-7168 2048 960 ) 
4 224 225 (-7168 2048 960 ) (-7168 2048 4800 ) (-7168 3072 4800 ) (-7168 3072 960 ) 
4 225 235 (-8192 3072 4800 ) (-8192 3072 960 ) (-8192 2048 960 ) (-8192 2048 4800 ) 
4 225 231 (-7168 2048 960 ) (-7168 2048 4800 ) (-8192 2048 4800 ) (-8192 2048 960 ) 
4 226 229 (-6144 2048 4800 ) (-6144 2048 960 ) (-6144 1024 960 ) (-6144 1024 4800 ) 
4 226 228 (-5120 1024 960 ) (-5120 1024 4800 ) (-6144 1024 4800 ) (-6144 1024 960 ) 
4 226 227 (-5120 1024 960 ) (-6144 1024 960 ) (-6144 1664 960 ) (-5120 1664 960 ) 
4 227 230 (-6144 1664 64 ) (-6144 1024 64 ) (-6144 1024 960 ) (-6144 1664 960 ) 
4 227 228 (-5120 1024 64 ) (-5120 1024 960 ) (-6144 1024 960 ) (-6144 1024 64 ) 
4 228 399 (-5120 0 64 ) (-5120 0 4800 ) (-6144 0 4800 ) (-6144 0 64 ) 
4 228 233 (-6144 0 64 ) (-6144 0 4800 ) (-6144 1024 4800 ) (-6144 1024 64 ) 
4 229 233 (-6144 1024 960 ) (-6144 1024 4800 ) (-7168 1024 4800 ) (-7168 1024 960 ) 
4 229 231 (-7168 2048 4800 ) (-7168 2048 960 ) (-7168 1024 960 ) (-7168 1024 4800 ) 
4 229 230 (-7168 1024 960 ) (-7168 1664 960 ) (-6144 1664 960 ) (-6144 1024 960 ) 
4 230 233 (-6144 1024 64 ) (-6144 1024 960 ) (-7168 1024 960 ) (-7168 1024 64 ) 
4 230 232 (-7168 1664 64 ) (-7168 1024 64 ) (-7168 1024 960 ) (-7168 1664 960 ) 
4 231 237 (-8192 1024 960 ) (-8192 1024 4800 ) (-8192 2048 4800 ) (-8192 2048 960 ) 
4 231 234 (-7168 1024 960 ) (-7168 1024 4800 ) (-8192 1024 4800 ) (-8192 1024 960 ) 
4 231 232 (-7168 1024 960 ) (-8192 1024 960 ) (-8192 1664 960 ) (-7168 1664 960 ) 
4 232 238 (-8192 1024 64 ) (-8192 1024 960 ) (-8192 1664 960 ) (-8192 1664 64 ) 
4 232 234 (-7168 1024 64 ) (-7168 1024 960 ) (-8192 1024 960 ) (-8192 1024 64 ) 
4 233 402 (-6144 0 64 ) (-6144 0 4800 ) (-7168 0 4800 ) (-7168 0 64 ) 
4 233 234 (-7168 1024 4800 ) (-7168 1024 64 ) (-7168 0 64 ) (-7168 0 4800 ) 
4 234 403 (-7168 0 64 ) (-7168 0 4800 ) (-8192 0 4800 ) (-8192 0 64 ) 
4 234 240 (-8192 0 64 ) (-8192 0 4800 ) (-8192 1024 4800 ) (-8192 1024 64 ) 
4 235 237 (-8192 2048 960 ) (-8192 2048 4800 ) (-9216 2048 4800 ) (-9216 2048 960 ) 
4 235 236 (-9216 2048 960 ) (-9216 3072 960 ) (-9024 3072 960 ) (-9024 2048 960 ) 
4 236 239 (-9024 2048 960 ) (-9216 2048 960 ) (-9216 2048 64 ) (-9024 2048 64 ) 
4 237 240 (-8192 1024 960 ) (-8192 1024 4800 ) (-9216 1024 4800 ) (-9216 1024 960 ) 
4 237 238 (-8192 1024 960 ) (-9024 1024 960 ) (-9024 1664 960 ) (-8192 1664 960 ) 
4 237 239 (-9024 1024 960 ) (-9216 1024 960 ) (-9216 2048 960 ) (-9024 2048 960 ) 
4 238 240 (-8192 1024 64 ) (-8192 1024 960 ) (-9024 1024 960 ) (-9024 1024 64 ) 
4 238 239 (-9024 1664 64 ) (-9024 1024 64 ) (-9024 1024 960 ) (-9024 1664 960 ) 
4 239 240 (-9024 1024 960 ) (-9216 1024 960 ) (-9216 1024 64 ) (-9024 1024 64 ) 
4 240 417 (-8192 0 64 ) (-8192 0 4800 ) (-9216 0 4800 ) (-9216 0 64 ) 
4 241 245 (8192 -1024 64 ) (8192 -1024 4800 ) (8192 0 4800 ) (8192 0 64 ) 
4 241 244 (8384 -1024 896 ) (8192 -1024 896 ) (8192 -1024 64 ) (8384 -1024 64 ) 
4 241 243 (9216 -1024 64 ) (9216 -1024 896 ) (8384 -1024 896 ) (8384 -1024 64 ) 
4 241 242 (9216 -1024 896 ) (9216 -1024 4800 ) (8192 -1024 4800 ) (8192 -1024 896 ) 
4 242 251 (9216 -2048 896 ) (9216 -2048 4800 ) (8192 -2048 4800 ) (8192 -2048 896 ) 
4 242 247 (8192 -2048 896 ) (8192 -2048 4800 ) (8192 -1024 4800 ) (8192 -1024 896 ) 
4 242 244 (8192 -1344 896 ) (8192 -1024 896 ) (8384 -1024 896 ) (8384 -1344 896 ) 
4 242 243 (9216 -1024 896 ) (9216 -2048 896 ) (8384 -2048 896 ) (8384 -1024 896 ) 
4 243 252 (9216 -2048 64 ) (9216 -2048 896 ) (8384 -2048 896 ) (8384 -2048 64 ) 
4 243 244 (8384 -1024 64 ) (8384 -1344 64 ) (8384 -1344 896 ) (8384 -1024 896 ) 
4 244 248 (8192 -1344 896 ) (8192 -1024 896 ) (8192 -1024 64 ) (8192 -1344 64 ) 
4 245 248 (8192 -1024 64 ) (8192 -1024 896 ) (7168 -1024 896 ) (7168 -1024 64 ) 
4 245 247 (8192 -1024 896 ) (8192 -1024 4800 ) (7168 -1024 4800 ) (7168 -1024 896 ) 
4 245 246 (7168 -1024 64 ) (7168 -1024 4800 ) (7168 0 4800 ) (7168 0 64 ) 
4 246 263 (6144 0 4800 ) (6144 0 64 ) (6144 -1024 64 ) (6144 -1024 4800 ) 
4 246 250 (6144 -1024 896 ) (6144 -1024 64 ) (7168 -1024 64 ) (7168 -1024 896 ) 
4 246 249 (6144 -1024 4800 ) (6144 -1024 896 ) (7168 -1024 896 ) (7168 -1024 4800 ) 
4 247 253 (8192 -2048 896 ) (8192 -2048 4800 ) (7168 -2048 4800 ) (7168 -2048 896 ) 
4 247 249 (7168 -1024 4800 ) (7168 -1024 896 ) (7168 -2048 896 ) (7168 -2048 4800 ) 
4 247 248 (7168 -1344 896 ) (7168 -1024 896 ) (8192 -1024 896 ) (8192 -1344 896 ) 
4 248 250 (7168 -1024 896 ) (7168 -1024 64 ) (7168 -1344 64 ) (7168 -1344 896 ) 
4 249 264 (6144 -2048 896 ) (6144 -2048 4800 ) (6144 -1024 4800 ) (6144 -1024 896 ) 
4 249 254 (7168 -2048 896 ) (7168 -2048 4800 ) (6144 -2048 4800 ) (6144 -2048 896 ) 
4 249 250 (6144 -1344 896 ) (6144 -1024 896 ) (7168 -1024 896 ) (7168 -1344 896 ) 
4 250 265 (6144 -1344 896 ) (6144 -1024 896 ) (6144 -1024 64 ) (6144 -1344 64 ) 
4 251 255 (9216 -3072 896 ) (9216 -3072 4800 ) (8192 -3072 4800 ) (8192 -3072 896 ) 
4 251 253 (8192 -2048 4800 ) (8192 -2048 896 ) (8192 -3072 896 ) (8192 -3072 4800 ) 
4 251 252 (8384 -2048 896 ) (9216 -2048 896 ) (9216 -3072 896 ) (8384 -3072 896 ) 
4 252 256 (9216 -3072 64 ) (9216 -3072 896 ) (8384 -3072 896 ) (8384 -3072 64 ) 
4 253 259 (8192 -3072 896 ) (8192 -3072 4800 ) (7168 -3072 4800 ) (7168 -3072 896 ) 
4 253 254 (7168 -3072 896 ) (7168 -3072 4800 ) (7168 -2048 4800 ) (7168 -2048 896 ) 
4 254 272 (6144 -3072 896 ) (6144 -3072 4800 ) (6144 -2048 4800 ) (6144 -2048 896 ) 
4 254 260 (7168 -3072 896 ) (7168 -3072 4800 ) (6144 -3072 4800 ) (6144 -3072 896 ) 
4 255 259 (8192 -3072 4800 ) (8192 -3072 896 ) (8192 -4096 896 ) (8192 -4096 4800 ) 
4 255 257 (9216 -4096 896 ) (9216 -4096 4800 ) (8192 -4096 4800 ) (8192 -4096 896 ) 
4 255 256 (9216 -4096 896 ) (8384 -4096 896 ) (8384 -3072 896 ) (9216 -3072 896 ) 
4 256 258 (9216 -4096 64 ) (9216 -4096 896 ) (8384 -4096 896 ) (8384 -4096 64 ) 
4 257 303 (9216 -5120 896 ) (9216 -5120 4800 ) (8192 -5120 4800 ) (8192 -5120 896 ) 
4 257 261 (8192 -5120 896 ) (8192 -5120 4800 ) (8192 -4096 4800 ) (8192 -4096 896 ) 
4 257 258 (9216 -5120 896 ) (8384 -5120 896 ) (8384 -4096 896 ) (9216 -4096 896 ) 
4 258 304 (9216 -5120 64 ) (9216 -5120 896 ) (8384 -5120 896 ) (8384 -5120 64 ) 
4 259 261 (8192 -4096 896 ) (8192 -4096 4800 ) (7168 -4096 4800 ) (7168 -4096 896 ) 
4 259 260 (7168 -3072 4800 ) (7168 -3072 896 ) (7168 -4096 896 ) (7168 -4096 4800 ) 
4 260 275 (6144 -4096 896 ) (6144 -4096 4800 ) (6144 -3072 4800 ) (6144 -3072 896 ) 
4 260 262 (7168 -4096 896 ) (7168 -4096 4800 ) (6144 -4096 4800 ) (6144 -4096 896 ) 
4 261 306 (8192 -5120 896 ) (8192 -5120 4800 ) (7168 -5120 4800 ) (7168 -5120 896 ) 
4 261 262 (7168 -4096 4800 ) (7168 -4096 896 ) (7168 -5120 896 ) (7168 -5120 4800 ) 
4 262 308 (7168 -5120 896 ) (7168 -5120 4800 ) (6144 -5120 4800 ) (6144 -5120 896 ) 
4 262 276 (6144 -5120 896 ) (6144 -5120 4800 ) (6144 -4096 4800 ) (6144 -4096 896 ) 
4 263 266 (5120 -1024 64 ) (5120 -1024 4800 ) (5120 0 4800 ) (5120 0 64 ) 
4 263 265 (6144 -1024 64 ) (6144 -1024 896 ) (5120 -1024 896 ) (5120 -1024 64 ) 
4 263 264 (6144 -1024 896 ) (6144 -1024 4800 ) (5120 -1024 4800 ) (5120 -1024 896 ) 
4 264 272 (6144 -2048 896 ) (6144 -2048 4800 ) (5120 -2048 4800 ) (5120 -2048 896 ) 
4 264 268 (5120 -2048 896 ) (5120 -2048 4800 ) (5120 -1024 4800 ) (5120 -1024 896 ) 
4 264 265 (5120 -1344 896 ) (5120 -1024 896 ) (6144 -1024 896 ) (6144 -1344 896 ) 
4 265 269 (5120 -1344 896 ) (5120 -1024 896 ) (5120 -1024 64 ) (5120 -1344 64 ) 
4 266 269 (5120 -1024 64 ) (5120 -1024 896 ) (4096 -1024 896 ) (4096 -1024 64 ) 
4 266 268 (5120 -1024 896 ) (5120 -1024 4800 ) (4096 -1024 4800 ) (4096 -1024 896 ) 
4 266 267 (4096 -1024 64 ) (4096 -1024 4800 ) (4096 0 4800 ) (4096 0 64 ) 
4 267 281 (3072 -1024 64 ) (3072 -1024 4800 ) (3072 0 4800 ) (3072 0 64 ) 
4 267 271 (4096 -1024 64 ) (4096 -1024 896 ) (3072 -1024 896 ) (3072 -1024 64 ) 
4 267 270 (4096 -1024 896 ) (4096 -1024 4800 ) (3072 -1024 4800 ) (3072 -1024 896 ) 
4 268 273 (5120 -2048 896 ) (5120 -2048 4800 ) (4096 -2048 4800 ) (4096 -2048 896 ) 
4 268 270 (4096 -1024 4800 ) (4096 -1024 896 ) (4096 -2048 896 ) (4096 -2048 4800 ) 
4 268 269 (4096 -1344 896 ) (4096 -1024 896 ) (5120 -1024 896 ) (5120 -1344 896 ) 
4 269 271 (4096 -1024 896 ) (4096 -1024 64 ) (4096 -1344 64 ) (4096 -1344 896 ) 
4 270 282 (3072 -2048 896 ) (3072 -2048 4800 ) (3072 -1024 4800 ) (3072 -1024 896 ) 
4 270 274 (4096 -2048 896 ) (4096 -2048 4800 ) (3072 -2048 4800 ) (3072 -2048 896 ) 
4 270 271 (3072 -1344 896 ) (3072 -1024 896 ) (4096 -1024 896 ) (4096 -1344 896 ) 
4 271 283 (3072 -1344 896 ) (3072 -1024 896 ) (3072 -1024 64 ) (3072 -1344 64 ) 
4 272 275 (6144 -3072 896 ) (6144 -3072 4800 ) (5120 -3072 4800 ) (5120 -3072 896 ) 
4 272 273 (5120 -3072 896 ) (5120 -3072 4800 ) (5120 -2048 4800 ) (5120 -2048 896 ) 
4 273 277 (5120 -3072 896 ) (5120 -3072 4800 ) (4096 -3072 4800 ) (4096 -3072 896 ) 
4 273 274 (4096 -2048 4800 ) (4096 -2048 896 ) (4096 -3072 896 ) (4096 -3072 4800 ) 
4 274 292 (3072 -3072 896 ) (3072 -3072 4800 ) (3072 -2048 4800 ) (3072 -2048 896 ) 
4 274 278 (3072 -3072 4800 ) (3072 -3072 896 ) (4096 -3072 896 ) (4096 -3072 4800 ) 
4 275 277 (5120 -3072 4800 ) (5120 -3072 896 ) (5120 -4096 896 ) (5120 -4096 4800 ) 
4 275 276 (6144 -4096 896 ) (6144 -4096 4800 ) (5120 -4096 4800 ) (5120 -4096 896 ) 
4 276 322 (6144 -5120 896 ) (6144 -5120 4800 ) (5120 -5120 4800 ) (5120 -5120 896 ) 
4 276 279 (5120 -5120 896 ) (5120 -5120 4800 ) (5120 -4096 4800 ) (5120 -4096 896 ) 
4 277 279 (5120 -4096 896 ) (5120 -4096 4800 ) (4096 -4096 4800 ) (4096 -4096 896 ) 
4 277 278 (4096 -3072 4800 ) (4096 -3072 896 ) (4096 -4096 896 ) (4096 -4096 4800 ) 
4 278 297 (3072 -4096 896 ) (3072 -4096 4800 ) (3072 -3072 4800 ) (3072 -3072 896 ) 
4 278 280 (3072 -4096 4800 ) (3072 -4096 896 ) (4096 -4096 896 ) (4096 -4096 4800 ) 
4 279 324 (5120 -5120 896 ) (5120 -5120 4800 ) (4096 -5120 4800 ) (4096 -5120 896 ) 
4 279 280 (4096 -4096 4800 ) (4096 -4096 896 ) (4096 -5120 896 ) (4096 -5120 4800 ) 
4 280 326 (4096 -5120 896 ) (4096 -5120 4800 ) (3072 -5120 4800 ) (3072 -5120 896 ) 
4 280 298 (3072 -5120 896 ) (3072 -5120 4800 ) (3072 -4096 4800 ) (3072 -4096 896 ) 
4 281 284 (2048 -1024 64 ) (2048 -1024 4800 ) (2048 0 4800 ) (2048 0 64 ) 
4 281 283 (3072 -1024 64 ) (3072 -1024 896 ) (2048 -1024 896 ) (2048 -1024 64 ) 
4 281 282 (3072 -1024 896 ) (3072 -1024 4800 ) (2048 -1024 4800 ) (2048 -1024 896 ) 
4 282 292 (3072 -2048 896 ) (3072 -2048 4800 ) (2048 -2048 4800 ) (2048 -2048 896 ) 
4 282 287 (2048 -2048 896 ) (2048 -2048 4800 ) (2048 -1024 4800 ) (2048 -1024 896 ) 
4 282 283 (2048 -1344 896 ) (2048 -1024 896 ) (3072 -1024 896 ) (3072 -1344 896 ) 
4 283 288 (2048 -1344 896 ) (2048 -1024 896 ) (2048 -1024 64 ) (2048 -1344 64 ) 
4 284 288 (2048 -1024 64 ) (2048 -1024 896 ) (1024 -1024 896 ) (1024 -1024 64 ) 
4 284 287 (2048 -1024 896 ) (2048 -1024 4800 ) (1024 -1024 4800 ) (1024 -1024 896 ) 
4 284 286 (1024 -1024 64 ) (1024 -1024 1152 ) (1024 0 1152 ) (1024 0 64 ) 
4 284 285 (1024 -1024 1152 ) (1024 -1024 4800 ) (1024 0 4800 ) (1024 0 1152 ) 
4 285 359 (0 0 1600 ) (0 0 1152 ) (0 -1024 1152 ) (0 -1024 1600 ) 
4 285 358 (0 0 4800 ) (0 0 1600 ) (0 -1024 1600 ) (0 -1024 4800 ) 
4 285 291 (0 -1024 4800 ) (0 -1024 1152 ) (576 -1024 1152 ) (576 -1024 4800 ) 
4 285 289 (576 -1024 1152 ) (1024 -1024 1152 ) (1024 -1024 4800 ) (576 -1024 4800 ) 
4 285 286 (1024 -1024 1152 ) (576 -1024 1152 ) (576 0 1152 ) (1024 0 1152 ) 
4 286 289 (576 -1024 64 ) (1024 -1024 64 ) (1024 -1024 1152 ) (576 -1024 1152 ) 
4 287 293 (2048 -2048 896 ) (2048 -2048 4800 ) (1024 -2048 4800 ) (1024 -2048 896 ) 
4 287 290 (1024 -1344 896 ) (1024 -2048 896 ) (1024 -2048 4800 ) (1024 -1344 4800 ) 
4 287 289 (1024 -1024 4800 ) (1024 -1024 896 ) (1024 -1344 896 ) (1024 -1344 4800 ) 
4 287 288 (1024 -1344 896 ) (1024 -1024 896 ) (2048 -1024 896 ) (2048 -1344 896 ) 
4 288 289 (1024 -1024 896 ) (1024 -1024 64 ) (1024 -1344 64 ) (1024 -1344 896 ) 
4 289 291 (576 -1024 4800 ) (576 -1024 1152 ) (576 -1344 1152 ) (576 -1344 4800 ) 
4 289 290 (1024 -1344 4800 ) (576 -1344 4800 ) (576 -1344 896 ) (1024 -1344 896 ) 
4 290 295 (1024 -2048 896 ) (1024 -2048 1152 ) (576 -2048 1152 ) (576 -2048 896 ) 
4 290 294 (1024 -2048 1152 ) (1024 -2048 4800 ) (576 -2048 4800 ) (576 -2048 1152 ) 
4 290 291 (576 -2048 1152 ) (576 -2048 4800 ) (576 -1344 4800 ) (576 -1344 1152 ) 
4 291 364 (0 -2048 1152 ) (0 -2048 1600 ) (0 -1024 1600 ) (0 -1024 1152 ) 
4 291 363 (0 -2048 1600 ) (0 -2048 4800 ) (0 -1024 4800 ) (0 -1024 1600 ) 
4 291 294 (0 -2048 4800 ) (0 -2048 1152 ) (576 -2048 1152 ) (576 -2048 4800 ) 
4 292 297 (3072 -3072 896 ) (3072 -3072 4800 ) (2048 -3072 4800 ) (2048 -3072 896 ) 
4 292 293 (2048 -3072 896 ) (2048 -3072 4800 ) (2048 -2048 4800 ) (2048 -2048 896 ) 
4 293 299 (2048 -3072 896 ) (2048 -3072 4800 ) (1024 -3072 4800 ) (1024 -3072 896 ) 
4 293 295 (1024 -2048 1152 ) (1024 -2048 896 ) (1024 -3072 896 ) (1024 -3072 1152 ) 
4 293 294 (1024 -2048 4800 ) (1024 -2048 1152 ) (1024 -3072 1152 ) (1024 -3072 4800 ) 
4 294 378 (0 -3072 1152 ) (0 -3072 4800 ) (0 -2048 4800 ) (0 -2048 1152 ) 
4 294 300 (1024 -3072 1152 ) (1024 -3072 4800 ) (0 -3072 4800 ) (0 -3072 1152 ) 
4 294 296 (576 -3072 1152 ) (0 -3072 1152 ) (0 -3008 1152 ) (576 -3008 1152 ) 
4 294 295 (1024 -3072 1152 ) (576 -3072 1152 ) (576 -2048 1152 ) (1024 -2048 1152 ) 
4 295 300 (1024 -3072 896 ) (1024 -3072 1152 ) (576 -3072 1152 ) (576 -3072 896 ) 
4 295 296 (576 -3008 896 ) (576 -3072 896 ) (576 -3072 1152 ) (576 -3008 1152 ) 
4 296 382 (0 -3072 896 ) (0 -3072 1152 ) (0 -3008 1152 ) (0 -3008 896 ) 
4 296 300 (576 -3072 1152 ) (0 -3072 1152 ) (0 -3072 896 ) (576 -3072 896 ) 
4 297 299 (2048 -3072 4800 ) (2048 -3072 896 ) (2048 -4096 896 ) (2048 -4096 4800 ) 
4 297 298 (3072 -4096 896 ) (3072 -4096 4800 ) (2048 -4096 4800 ) (2048 -4096 896 ) 
4 298 334 (3072 -5120 896 ) (3072 -5120 4800 ) (2048 -5120 4800 ) (2048 -5120 896 ) 
4 298 301 (2048 -5120 896 ) (2048 -5120 4800 ) (2048 -4096 4800 ) (2048 -4096 896 ) 
4 299 301 (2048 -4096 896 ) (2048 -4096 4800 ) (1024 -4096 4800 ) (1024 -4096 896 ) 
4 299 300 (1024 -3072 4800 ) (1024 -3072 896 ) (1024 -4096 896 ) (1024 -4096 4800 ) 
4 300 386 (0 -4096 896 ) (0 -4096 4800 ) (0 -3072 4800 ) (0 -3072 896 ) 
4 300 302 (1024 -4096 896 ) (1024 -4096 4800 ) (0 -4096 4800 ) (0 -4096 896 ) 
4 301 336 (2048 -5120 896 ) (2048 -5120 4800 ) (1024 -5120 4800 ) (1024 -5120 896 ) 
4 301 302 (1024 -4096 4800 ) (1024 -4096 896 ) (1024 -5120 896 ) (1024 -5120 4800 ) 
4 302 388 (0 -5120 896 ) (0 -5120 4800 ) (0 -4096 4800 ) (0 -4096 896 ) 
4 302 338 (1024 -5120 896 ) (1024 -5120 4800 ) (0 -5120 4800 ) (0 -5120 896 ) 
4 303 310 (9216 -6144 896 ) (9216 -6144 4800 ) (8192 -6144 4800 ) (8192 -6144 896 ) 
4 303 306 (8192 -5120 4800 ) (8192 -5120 896 ) (8192 -6144 896 ) (8192 -6144 4800 ) 
4 303 305 (8192 -6144 896 ) (8192 -5632 896 ) (8384 -5632 896 ) (8384 -6144 896 ) 
4 303 304 (8384 -5120 896 ) (9216 -5120 896 ) (9216 -6144 896 ) (8384 -6144 896 ) 
4 304 310 (9216 -6144 64 ) (9216 -6144 896 ) (8384 -6144 896 ) (8384 -6144 64 ) 
4 304 305 (8384 -5632 64 ) (8384 -6144 64 ) (8384 -6144 896 ) (8384 -5632 896 ) 
4 305 310 (8384 -6144 896 ) (8192 -6144 896 ) (8192 -6144 64 ) (8384 -6144 64 ) 
4 305 307 (8192 -5632 64 ) (8192 -6144 64 ) (8192 -6144 896 ) (8192 -5632 896 ) 
4 306 312 (8192 -6144 896 ) (8192 -6144 4800 ) (7168 -6144 4800 ) (7168 -6144 896 ) 
4 306 308 (7168 -6144 896 ) (7168 -6144 4800 ) (7168 -5120 4800 ) (7168 -5120 896 ) 
4 306 307 (7168 -6144 896 ) (7168 -5632 896 ) (8192 -5632 896 ) (8192 -6144 896 ) 
4 307 312 (8192 -6144 64 ) (8192 -6144 896 ) (7168 -6144 896 ) (7168 -6144 64 ) 
4 307 309 (7168 -6144 64 ) (7168 -6144 896 ) (7168 -5632 896 ) (7168 -5632 64 ) 
4 308 322 (6144 -5120 4800 ) (6144 -5120 896 ) (6144 -6144 896 ) (6144 -6144 4800 ) 
4 308 313 (7168 -6144 896 ) (7168 -6144 4800 ) (6144 -6144 4800 ) (6144 -6144 896 ) 
4 308 309 (7168 -6144 896 ) (6144 -6144 896 ) (6144 -5632 896 ) (7168 -5632 896 ) 
4 309 323 (6144 -5632 64 ) (6144 -6144 64 ) (6144 -6144 896 ) (6144 -5632 896 ) 
4 309 313 (7168 -6144 64 ) (7168 -6144 896 ) (6144 -6144 896 ) (6144 -6144 64 ) 
4 310 312 (8192 -6144 4800 ) (8192 -6144 64 ) (8192 -7168 64 ) (8192 -7168 4800 ) 
4 310 311 (9216 -7168 64 ) (9216 -7168 4800 ) (8192 -7168 4800 ) (8192 -7168 64 ) 
4 311 316 (9216 -8192 64 ) (9216 -8192 4800 ) (8192 -8192 4800 ) (8192 -8192 64 ) 
4 311 314 (8192 -8192 64 ) (8192 -8192 4800 ) (8192 -7168 4800 ) (8192 -7168 64 ) 
4 312 314 (8192 -7168 64 ) (8192 -7168 4800 ) (7168 -7168 4800 ) (7168 -7168 64 ) 
4 312 313 (7168 -6144 4800 ) (7168 -6144 64 ) (7168 -7168 64 ) (7168 -7168 4800 ) 
4 313 328 (6144 -7168 64 ) (6144 -7168 4800 ) (6144 -6144 4800 ) (6144 -6144 64 ) 
4 313 315 (7168 -7168 64 ) (7168 -7168 4800 ) (6144 -7168 4800 ) (6144 -7168 64 ) 
4 314 317 (8192 -8192 64 ) (8192 -8192 4800 ) (7168 -8192 4800 ) (7168 -8192 64 ) 
4 314 315 (7168 -7168 4800 ) (7168 -7168 64 ) (7168 -8192 64 ) (7168 -8192 4800 ) 
4 315 329 (6144 -8192 64 ) (6144 -8192 4800 ) (6144 -7168 4800 ) (6144 -7168 64 ) 
4 315 318 (7168 -8192 64 ) (7168 -8192 4800 ) (6144 -8192 4800 ) (6144 -8192 64 ) 
4 316 319 (9216 -9216 64 ) (9216 -9216 4800 ) (8192 -9216 4800 ) (8192 -9216 64 ) 
4 316 317 (8192 -8192 4800 ) (8192 -8192 64 ) (8192 -9216 64 ) (8192 -9216 4800 ) 
4 317 320 (8192 -9216 64 ) (8192 -9216 4800 ) (7168 -9216 4800 ) (7168 -9216 64 ) 
4 317 318 (7168 -9216 64 ) (7168 -9216 4800 ) (7168 -8192 4800 ) (7168 -8192 64 ) 
4 318 346 (6144 -9216 64 ) (6144 -9216 4800 ) (6144 -8192 4800 ) (6144 -8192 64 ) 
4 318 321 (7168 -9216 64 ) (7168 -9216 4800 ) (6144 -9216 4800 ) (6144 -9216 64 ) 
4 319 320 (8192 -9216 4800 ) (8192 -9216 64 ) (8192 -9280 64 ) (8192 -9280 4800 ) 
4 320 321 (7168 -9216 4800 ) (7168 -9216 64 ) (7168 -9280 64 ) (7168 -9280 4800 ) 
4 321 349 (6144 -9280 4800 ) (6144 -9216 4800 ) (6144 -9216 64 ) (6144 -9280 64 ) 
4 322 328 (6144 -6144 896 ) (6144 -6144 4800 ) (5120 -6144 4800 ) (5120 -6144 896 ) 
4 322 324 (5120 -5120 4800 ) (5120 -5120 896 ) (5120 -6144 896 ) (5120 -6144 4800 ) 
4 322 323 (5120 -6144 896 ) (5120 -5632 896 ) (6144 -5632 896 ) (6144 -6144 896 ) 
4 323 328 (6144 -6144 64 ) (6144 -6144 896 ) (5120 -6144 896 ) (5120 -6144 64 ) 
4 323 325 (5120 -5632 64 ) (5120 -6144 64 ) (5120 -6144 896 ) (5120 -5632 896 ) 
4 324 330 (5120 -6144 896 ) (5120 -6144 4800 ) (4096 -6144 4800 ) (4096 -6144 896 ) 
4 324 326 (4096 -6144 896 ) (4096 -6144 4800 ) (4096 -5120 4800 ) (4096 -5120 896 ) 
4 324 325 (4096 -6144 896 ) (4096 -5632 896 ) (5120 -5632 896 ) (5120 -6144 896 ) 
4 325 330 (5120 -6144 64 ) (5120 -6144 896 ) (4096 -6144 896 ) (4096 -6144 64 ) 
4 325 327 (4096 -6144 64 ) (4096 -6144 896 ) (4096 -5632 896 ) (4096 -5632 64 ) 
4 326 334 (3072 -5120 4800 ) (3072 -5120 896 ) (3072 -6144 896 ) (3072 -6144 4800 ) 
4 326 331 (4096 -6144 896 ) (4096 -6144 4800 ) (3072 -6144 4800 ) (3072 -6144 896 ) 
4 326 327 (4096 -6144 896 ) (3072 -6144 896 ) (3072 -5632 896 ) (4096 -5632 896 ) 
4 327 335 (3072 -5632 64 ) (3072 -6144 64 ) (3072 -6144 896 ) (3072 -5632 896 ) 
4 327 331 (4096 -6144 64 ) (4096 -6144 896 ) (3072 -6144 896 ) (3072 -6144 64 ) 
4 328 330 (5120 -6144 4800 ) (5120 -6144 64 ) (5120 -7168 64 ) (5120 -7168 4800 ) 
4 328 329 (6144 -7168 64 ) (6144 -7168 4800 ) (5120 -7168 4800 ) (5120 -7168 64 ) 
4 329 346 (6144 -8192 64 ) (6144 -8192 4800 ) (5120 -8192 4800 ) (5120 -8192 64 ) 
4 329 332 (5120 -8192 64 ) (5120 -8192 4800 ) (5120 -7168 4800 ) (5120 -7168 64 ) 
4 330 332 (5120 -7168 64 ) (5120 -7168 4800 ) (4096 -7168 4800 ) (4096 -7168 64 ) 
4 330 331 (4096 -6144 4800 ) (4096 -6144 64 ) (4096 -7168 64 ) (4096 -7168 4800 ) 
4 331 340 (3072 -7168 64 ) (3072 -7168 4800 ) (3072 -6144 4800 ) (3072 -6144 64 ) 
4 331 333 (4096 -7168 64 ) (4096 -7168 4800 ) (3072 -7168 4800 ) (3072 -7168 64 ) 
4 332 347 (5120 -8192 64 ) (5120 -8192 4800 ) (4096 -8192 4800 ) (4096 -8192 64 ) 
4 332 333 (4096 -7168 4800 ) (4096 -7168 64 ) (4096 -8192 64 ) (4096 -8192 4800 ) 
4 333 348 (4096 -8192 64 ) (4096 -8192 4800 ) (3072 -8192 4800 ) (3072 -8192 64 ) 
4 333 341 (3072 -8192 64 ) (3072 -8192 4800 ) (3072 -7168 4800 ) (3072 -7168 64 ) 
4 334 340 (3072 -6144 896 ) (3072 -6144 4800 ) (2048 -6144 4800 ) (2048 -6144 896 ) 
4 334 336 (2048 -5120 4800 ) (2048 -5120 896 ) (2048 -6144 896 ) (2048 -6144 4800 ) 
4 334 335 (2048 -6144 896 ) (2048 -5632 896 ) (3072 -5632 896 ) (3072 -6144 896 ) 
4 335 340 (3072 -6144 64 ) (3072 -6144 896 ) (2048 -6144 896 ) (2048 -6144 64 ) 
4 335 337 (2048 -5632 64 ) (2048 -6144 64 ) (2048 -6144 896 ) (2048 -5632 896 ) 
4 336 342 (2048 -6144 896 ) (2048 -6144 4800 ) (1024 -6144 4800 ) (1024 -6144 896 ) 
4 336 338 (1024 -6144 896 ) (1024 -6144 4800 ) (1024 -5120 4800 ) (1024 -5120 896 ) 
4 336 337 (1024 -6144 896 ) (1024 -5632 896 ) (2048 -5632 896 ) (2048 -6144 896 ) 
4 337 342 (2048 -6144 64 ) (2048 -6144 896 ) (1024 -6144 896 ) (1024 -6144 64 ) 
4 337 339 (1024 -6144 64 ) (1024 -6144 896 ) (1024 -5632 896 ) (1024 -5632 64 ) 
4 338 427 (0 -6144 896 ) (0 -6144 4800 ) (0 -5120 4800 ) (0 -5120 896 ) 
4 338 343 (1024 -6144 896 ) (1024 -6144 4800 ) (0 -6144 4800 ) (0 -6144 896 ) 
4 338 339 (1024 -6144 896 ) (0 -6144 896 ) (0 -5632 896 ) (1024 -5632 896 ) 
4 339 428 (0 -6144 64 ) (0 -6144 896 ) (0 -5632 896 ) (0 -5632 64 ) 
4 339 343 (1024 -6144 64 ) (1024 -6144 896 ) (0 -6144 896 ) (0 -6144 64 ) 
4 340 342 (2048 -6144 4800 ) (2048 -6144 64 ) (2048 -7168 64 ) (2048 -7168 4800 ) 
4 340 341 (3072 -7168 64 ) (3072 -7168 4800 ) (2048 -7168 4800 ) (2048 -7168 64 ) 
4 341 352 (3072 -8192 64 ) (3072 -8192 4800 ) (2048 -8192 4800 ) (2048 -8192 64 ) 
4 341 344 (2048 -8192 64 ) (2048 -8192 4800 ) (2048 -7168 4800 ) (2048 -7168 64 ) 
4 342 344 (2048 -7168 64 ) (2048 -7168 4800 ) (1024 -7168 4800 ) (1024 -7168 64 ) 
4 342 343 (1024 -6144 4800 ) (1024 -6144 64 ) (1024 -7168 64 ) (1024 -7168 4800 ) 
4 343 431 (0 -7168 64 ) (0 -7168 4800 ) (0 -6144 4800 ) (0 -6144 64 ) 
4 343 345 (1024 -7168 64 ) (1024 -7168 4800 ) (0 -7168 4800 ) (0 -7168 64 ) 
4 344 353 (2048 -8192 64 ) (2048 -8192 4800 ) (1024 -8192 4800 ) (1024 -8192 64 ) 
4 344 345 (1024 -7168 4800 ) (1024 -7168 64 ) (1024 -8192 64 ) (1024 -8192 4800 ) 
4 345 433 (0 -8192 64 ) (0 -8192 4800 ) (0 -7168 4800 ) (0 -7168 64 ) 
4 345 354 (1024 -8192 64 ) (1024 -8192 4800 ) (0 -8192 4800 ) (0 -8192 64 ) 
4 346 349 (6144 -9216 64 ) (6144 -9216 4800 ) (5120 -9216 4800 ) (5120 -9216 64 ) 
4 346 347 (5120 -8192 4800 ) (5120 -8192 64 ) (5120 -9216 64 ) (5120 -9216 4800 ) 
4 347 350 (5120 -9216 64 ) (5120 -9216 4800 ) (4096 -9216 4800 ) (4096 -9216 64 ) 
4 347 348 (4096 -9216 64 ) (4096 -9216 4800 ) (4096 -8192 4800 ) (4096 -8192 64 ) 
4 348 352 (3072 -8192 4800 ) (3072 -8192 64 ) (3072 -9216 64 ) (3072 -9216 4800 ) 
4 348 351 (4096 -9216 64 ) (4096 -9216 4800 ) (3072 -9216 4800 ) (3072 -9216 64 ) 
4 349 350 (5120 -9216 4800 ) (5120 -9216 64 ) (5120 -9280 64 ) (5120 -9280 4800 ) 
4 350 351 (4096 -9216 4800 ) (4096 -9216 64 ) (4096 -9280 64 ) (4096 -9280 4800 ) 
4 351 355 (3072 -9280 4800 ) (3072 -9216 4800 ) (3072 -9216 64 ) (3072 -9280 64 ) 
4 352 355 (3072 -9216 64 ) (3072 -9216 4800 ) (2048 -9216 4800 ) (2048 -9216 64 ) 
4 352 353 (2048 -8192 4800 ) (2048 -8192 64 ) (2048 -9216 64 ) (2048 -9216 4800 ) 
4 353 356 (2048 -9216 64 ) (2048 -9216 4800 ) (1024 -9216 4800 ) (1024 -9216 64 ) 
4 353 354 (1024 -9216 64 ) (1024 -9216 4800 ) (1024 -8192 4800 ) (1024 -8192 64 ) 
4 354 447 (0 -9216 64 ) (0 -9216 4800 ) (0 -8192 4800 ) (0 -8192 64 ) 
4 354 357 (1024 -9216 64 ) (1024 -9216 4800 ) (0 -9216 4800 ) (0 -9216 64 ) 
4 355 356 (2048 -9216 4800 ) (2048 -9216 64 ) (2048 -9280 64 ) (2048 -9280 4800 ) 
4 356 357 (1024 -9216 4800 ) (1024 -9216 64 ) (1024 -9280 64 ) (1024 -9280 4800 ) 
4 357 449 (0 -9280 4800 ) (0 -9216 4800 ) (0 -9216 64 ) (0 -9280 64 ) 
4 358 363 (0 -1024 1600 ) (0 -1024 4800 ) (-1024 -1024 4800 ) (-1024 -1024 1600 ) 
4 358 361 (-1024 0 4800 ) (-1024 0 1600 ) (-1024 -1024 1600 ) (-1024 -1024 4800 ) 
4 358 359 (-384 0 1600 ) (0 0 1600 ) (0 -1024 1600 ) (-384 -1024 1600 ) 
4 358 360 (-1024 -1024 1600 ) (-1024 0 1600 ) (-448 0 1600 ) (-448 -1024 1600 ) 
4 359 364 (0 -1024 1152 ) (0 -1024 1600 ) (-384 -1024 1600 ) (-384 -1024 1152 ) 
4 360 365 (-448 -1024 1600 ) (-1024 -1024 1600 ) (-1024 -1024 1152 ) (-448 -1024 1152 ) 
4 360 361 (-1024 0 1600 ) (-1024 0 1152 ) (-1024 -1024 1152 ) (-1024 -1024 1600 ) 
4 361 369 (-2048 0 4800 ) (-2048 0 1152 ) (-2048 -1024 1152 ) (-2048 -1024 4800 ) 
4 361 367 (-1600 -1024 4800 ) (-2048 -1024 4800 ) (-2048 -1024 1152 ) (-1600 -1024 1152 ) 
4 361 366 (-1024 -1024 1152 ) (-1024 -1024 4800 ) (-1600 -1024 4800 ) (-1600 -1024 1152 ) 
4 361 362 (-1600 -1024 1152 ) (-2048 -1024 1152 ) (-2048 0 1152 ) (-1600 0 1152 ) 
4 362 369 (-2048 0 1152 ) (-2048 0 64 ) (-2048 -1024 64 ) (-2048 -1024 1152 ) 
4 362 367 (-1600 -1024 1152 ) (-2048 -1024 1152 ) (-2048 -1024 64 ) (-1600 -1024 64 ) 
4 363 379 (-384 -2048 4800 ) (-448 -2048 4800 ) (-448 -2048 1600 ) (-384 -2048 1600 ) 
4 363 378 (0 -2048 1600 ) (0 -2048 4800 ) (-384 -2048 4800 ) (-384 -2048 1600 ) 
4 363 381 (-448 -2048 4800 ) (-1024 -2048 4800 ) (-1024 -2048 1600 ) (-448 -2048 1600 ) 
4 363 366 (-1024 -1024 4800 ) (-1024 -1024 1600 ) (-1024 -2048 1600 ) (-1024 -2048 4800 ) 
4 363 364 (-384 -1024 1600 ) (0 -1024 1600 ) (0 -2048 1600 ) (-384 -2048 1600 ) 
4 363 365 (-1024 -2048 1600 ) (-1024 -1024 1600 ) (-448 -1024 1600 ) (-448 -2048 1600 ) 
4 364 378 (0 -2048 1152 ) (0 -2048 1600 ) (-384 -2048 1600 ) (-384 -2048 1152 ) 
4 365 381 (-448 -2048 1600 ) (-1024 -2048 1600 ) (-1024 -2048 1152 ) (-448 -2048 1152 ) 
4 365 366 (-1024 -1024 1600 ) (-1024 -1024 1152 ) (-1024 -2048 1152 ) (-1024 -2048 1600 ) 
4 366 383 (-1024 -2048 1152 ) (-1024 -2048 4800 ) (-1600 -2048 4800 ) (-1600 -2048 1152 ) 
4 366 368 (-1600 -1344 1152 ) (-1600 -2048 1152 ) (-1600 -2048 4800 ) (-1600 -1344 4800 ) 
4 366 367 (-1600 -1024 4800 ) (-1600 -1024 1152 ) (-1600 -1344 1152 ) (-1600 -1344 4800 ) 
4 367 371 (-2048 -1024 896 ) (-2048 -1024 64 ) (-2048 -1344 64 ) (-2048 -1344 896 ) 
4 367 370 (-2048 -1344 4800 ) (-2048 -1024 4800 ) (-2048 -1024 896 ) (-2048 -1344 896 ) 
4 367 368 (-1600 -1344 896 ) (-1600 -1344 4800 ) (-2048 -1344 4800 ) (-2048 -1344 896 ) 
4 368 385 (-2048 -2048 1152 ) (-2048 -2048 896 ) (-1600 -2048 896 ) (-1600 -2048 1152 ) 
4 368 383 (-2048 -2048 4800 ) (-2048 -2048 1152 ) (-1600 -2048 1152 ) (-1600 -2048 4800 ) 
4 368 370 (-2048 -2048 896 ) (-2048 -2048 4800 ) (-2048 -1344 4800 ) (-2048 -1344 896 ) 
4 369 372 (-3072 -1024 64 ) (-3072 -1024 4800 ) (-3072 0 4800 ) (-3072 0 64 ) 
4 369 371 (-2048 -1024 64 ) (-2048 -1024 896 ) (-3072 -1024 896 ) (-3072 -1024 64 ) 
4 369 370 (-2048 -1024 896 ) (-2048 -1024 4800 ) (-3072 -1024 4800 ) (-3072 -1024 896 ) 
4 370 390 (-2048 -2048 896 ) (-2048 -2048 4800 ) (-3072 -2048 4800 ) (-3072 -2048 896 ) 
4 370 374 (-3072 -2048 896 ) (-3072 -2048 4800 ) (-3072 -1024 4800 ) (-3072 -1024 896 ) 
4 370 371 (-3072 -1344 896 ) (-3072 -1024 896 ) (-2048 -1024 896 ) (-2048 -1344 896 ) 
4 371 375 (-3072 -1344 896 ) (-3072 -1024 896 ) (-3072 -1024 64 ) (-3072 -1344 64 ) 
4 372 375 (-3072 -1024 64 ) (-3072 -1024 896 ) (-4096 -1024 896 ) (-4096 -1024 64 ) 
4 372 374 (-3072 -1024 896 ) (-3072 -1024 4800 ) (-4096 -1024 4800 ) (-4096 -1024 896 ) 
4 372 373 (-4096 -1024 64 ) (-4096 -1024 4800 ) (-4096 0 4800 ) (-4096 0 64 ) 
4 373 399 (-5120 0 4800 ) (-5120 0 64 ) (-5120 -1024 64 ) (-5120 -1024 4800 ) 
4 373 377 (-5120 -1024 896 ) (-5120 -1024 64 ) (-4096 -1024 64 ) (-4096 -1024 896 ) 
4 373 376 (-5120 -1024 4800 ) (-5120 -1024 896 ) (-4096 -1024 896 ) (-4096 -1024 4800 ) 
4 374 391 (-3072 -2048 896 ) (-3072 -2048 4800 ) (-4096 -2048 4800 ) (-4096 -2048 896 ) 
4 374 376 (-4096 -1024 4800 ) (-4096 -1024 896 ) (-4096 -2048 896 ) (-4096 -2048 4800 ) 
4 374 375 (-4096 -1344 896 ) (-4096 -1024 896 ) (-3072 -1024 896 ) (-3072 -1344 896 ) 
4 375 377 (-4096 -1024 896 ) (-4096 -1024 64 ) (-4096 -1344 64 ) (-4096 -1344 896 ) 
4 376 400 (-5120 -2048 896 ) (-5120 -2048 4800 ) (-5120 -1024 4800 ) (-5120 -1024 896 ) 
4 376 392 (-4096 -2048 896 ) (-4096 -2048 4800 ) (-5120 -2048 4800 ) (-5120 -2048 896 ) 
4 376 377 (-5120 -1344 896 ) (-5120 -1024 896 ) (-4096 -1024 896 ) (-4096 -1344 896 ) 
4 377 401 (-5120 -1344 896 ) (-5120 -1024 896 ) (-5120 -1024 64 ) (-5120 -1344 64 ) 
4 378 386 (0 -3072 1152 ) (0 -3072 4800 ) (-384 -3072 4800 ) (-384 -3072 1152 ) 
4 378 382 (0 -3008 1152 ) (0 -3072 1152 ) (-384 -3072 1152 ) (-384 -3008 1152 ) 
4 378 379 (-384 -3008 1600 ) (-384 -3008 4800 ) (-384 -2048 4800 ) (-384 -2048 1600 ) 
4 378 380 (-384 -3008 1152 ) (-384 -3072 1152 ) (-384 -3072 4800 ) (-384 -3008 4800 ) 
4 379 380 (-448 -3008 4800 ) (-448 -3008 1600 ) (-384 -3008 1600 ) (-384 -3008 4800 ) 
4 379 381 (-448 -3008 1600 ) (-448 -3008 4800 ) (-448 -2048 4800 ) (-448 -2048 1600 ) 
4 380 386 (-384 -3072 4800 ) (-448 -3072 4800 ) (-448 -3072 1152 ) (-384 -3072 1152 ) 
4 380 382 (-384 -3008 1152 ) (-384 -3072 1152 ) (-448 -3072 1152 ) (-448 -3008 1152 ) 
4 380 381 (-448 -3008 1152 ) (-448 -3072 1152 ) (-448 -3072 4800 ) (-448 -3008 4800 ) 
4 381 386 (-448 -3072 4800 ) (-1024 -3072 4800 ) (-1024 -3072 1152 ) (-448 -3072 1152 ) 
4 381 383 (-1024 -2048 4800 ) (-1024 -2048 1152 ) (-1024 -3072 1152 ) (-1024 -3072 4800 ) 
4 381 382 (-1024 -3072 1152 ) (-1024 -3008 1152 ) (-448 -3008 1152 ) (-448 -3072 1152 ) 
4 382 386 (0 -3072 896 ) (0 -3072 1152 ) (-1024 -3072 1152 ) (-1024 -3072 896 ) 
4 382 384 (-1024 -3008 896 ) (-1024 -3072 896 ) (-1024 -3072 1152 ) (-1024 -3008 1152 ) 
4 383 390 (-2048 -2048 4800 ) (-2048 -2048 1152 ) (-2048 -3072 1152 ) (-2048 -3072 4800 ) 
4 383 387 (-1024 -3072 1152 ) (-1024 -3072 4800 ) (-2048 -3072 4800 ) (-2048 -3072 1152 ) 
4 383 384 (-1024 -3072 1152 ) (-1600 -3072 1152 ) (-1600 -3008 1152 ) (-1024 -3008 1152 ) 
4 383 385 (-1600 -3072 1152 ) (-2048 -3072 1152 ) (-2048 -2048 1152 ) (-1600 -2048 1152 ) 
4 384 387 (-1024 -3072 896 ) (-1024 -3072 1152 ) (-1600 -3072 1152 ) (-1600 -3072 896 ) 
4 384 385 (-1600 -3008 896 ) (-1600 -3072 896 ) (-1600 -3072 1152 ) (-1600 -3008 1152 ) 
4 385 390 (-2048 -2048 1152 ) (-2048 -2048 896 ) (-2048 -3072 896 ) (-2048 -3072 1152 ) 
4 385 387 (-1600 -3072 1152 ) (-2048 -3072 1152 ) (-2048 -3072 896 ) (-1600 -3072 896 ) 
4 386 388 (0 -4096 896 ) (0 -4096 4800 ) (-1024 -4096 4800 ) (-1024 -4096 896 ) 
4 386 387 (-1024 -4096 896 ) (-1024 -4096 4800 ) (-1024 -3072 4800 ) (-1024 -3072 896 ) 
4 387 393 (-2048 -4096 896 ) (-2048 -4096 4800 ) (-2048 -3072 4800 ) (-2048 -3072 896 ) 
4 387 389 (-2048 -4096 4800 ) (-2048 -4096 896 ) (-1024 -4096 896 ) (-1024 -4096 4800 ) 
4 388 427 (0 -5120 896 ) (0 -5120 4800 ) (-1024 -5120 4800 ) (-1024 -5120 896 ) 
4 388 389 (-1024 -4096 4800 ) (-1024 -4096 896 ) (-1024 -5120 896 ) (-1024 -5120 4800 ) 
4 389 429 (-1024 -5120 896 ) (-1024 -5120 4800 ) (-2048 -5120 4800 ) (-2048 -5120 896 ) 
4 389 394 (-2048 -5120 896 ) (-2048 -5120 4800 ) (-2048 -4096 4800 ) (-2048 -4096 896 ) 
4 390 393 (-2048 -3072 896 ) (-2048 -3072 4800 ) (-3072 -3072 4800 ) (-3072 -3072 896 ) 
4 390 391 (-3072 -2048 4800 ) (-3072 -2048 896 ) (-3072 -3072 896 ) (-3072 -3072 4800 ) 
4 391 395 (-3072 -3072 896 ) (-3072 -3072 4800 ) (-4096 -3072 4800 ) (-4096 -3072 896 ) 
4 391 392 (-4096 -3072 896 ) (-4096 -3072 4800 ) (-4096 -2048 4800 ) (-4096 -2048 896 ) 
4 392 408 (-5120 -3072 896 ) (-5120 -3072 4800 ) (-5120 -2048 4800 ) (-5120 -2048 896 ) 
4 392 396 (-4096 -3072 896 ) (-4096 -3072 4800 ) (-5120 -3072 4800 ) (-5120 -3072 896 ) 
4 393 395 (-3072 -3072 4800 ) (-3072 -3072 896 ) (-3072 -4096 896 ) (-3072 -4096 4800 ) 
4 393 394 (-2048 -4096 896 ) (-2048 -4096 4800 ) (-3072 -4096 4800 ) (-3072 -4096 896 ) 
4 394 435 (-2048 -5120 896 ) (-2048 -5120 4800 ) (-3072 -5120 4800 ) (-3072 -5120 896 ) 
4 394 397 (-3072 -5120 896 ) (-3072 -5120 4800 ) (-3072 -4096 4800 ) (-3072 -4096 896 ) 
4 395 397 (-3072 -4096 896 ) (-3072 -4096 4800 ) (-4096 -4096 4800 ) (-4096 -4096 896 ) 
4 395 396 (-4096 -3072 4800 ) (-4096 -3072 896 ) (-4096 -4096 896 ) (-4096 -4096 4800 ) 
4 396 411 (-5120 -4096 896 ) (-5120 -4096 4800 ) (-5120 -3072 4800 ) (-5120 -3072 896 ) 
4 396 398 (-4096 -4096 896 ) (-4096 -4096 4800 ) (-5120 -4096 4800 ) (-5120 -4096 896 ) 
4 397 437 (-3072 -5120 896 ) (-3072 -5120 4800 ) (-4096 -5120 4800 ) (-4096 -5120 896 ) 
4 397 398 (-4096 -4096 4800 ) (-4096 -4096 896 ) (-4096 -5120 896 ) (-4096 -5120 4800 ) 
4 398 439 (-4096 -5120 896 ) (-4096 -5120 4800 ) (-5120 -5120 4800 ) (-5120 -5120 896 ) 
4 398 412 (-5120 -5120 896 ) (-5120 -5120 4800 ) (-5120 -4096 4800 ) (-5120 -4096 896 ) 
4 399 402 (-6144 -1024 64 ) (-6144 -1024 4800 ) (-6144 0 4800 ) (-6144 0 64 ) 
4 399 401 (-5120 -1024 64 ) (-5120 -1024 896 ) (-6144 -1024 896 ) (-6144 -1024 64 ) 
4 399 400 (-5120 -1024 896 ) (-5120 -1024 4800 ) (-6144 -1024 4800 ) (-6144 -1024 896 ) 
4 400 408 (-5120 -2048 896 ) (-5120 -2048 4800 ) (-6144 -2048 4800 ) (-6144 -2048 896 ) 
4 400 404 (-6144 -2048 896 ) (-6144 -2048 4800 ) (-6144 -1024 4800 ) (-6144 -1024 896 ) 
4 400 401 (-6144 -1344 896 ) (-6144 -1024 896 ) (-5120 -1024 896 ) (-5120 -1344 896 ) 
4 401 405 (-6144 -1344 896 ) (-6144 -1024 896 ) (-6144 -1024 64 ) (-6144 -1344 64 ) 
4 402 405 (-6144 -1024 64 ) (-6144 -1024 896 ) (-7168 -1024 896 ) (-7168 -1024 64 ) 
4 402 404 (-6144 -1024 896 ) (-6144 -1024 4800 ) (-7168 -1024 4800 ) (-7168 -1024 896 ) 
4 402 403 (-7168 -1024 64 ) (-7168 -1024 4800 ) (-7168 0 4800 ) (-7168 0 64 ) 
4 403 417 (-8192 -1024 64 ) (-8192 -1024 4800 ) (-8192 0 4800 ) (-8192 0 64 ) 
4 403 407 (-7168 -1024 64 ) (-7168 -1024 896 ) (-8192 -1024 896 ) (-8192 -1024 64 ) 
4 403 406 (-7168 -1024 896 ) (-7168 -1024 4800 ) (-8192 -1024 4800 ) (-8192 -1024 896 ) 
4 404 409 (-6144 -2048 896 ) (-6144 -2048 4800 ) (-7168 -2048 4800 ) (-7168 -2048 896 ) 
4 404 406 (-7168 -1024 4800 ) (-7168 -1024 896 ) (-7168 -2048 896 ) (-7168 -2048 4800 ) 
4 404 405 (-7168 -1344 896 ) (-7168 -1024 896 ) (-6144 -1024 896 ) (-6144 -1344 896 ) 
4 405 407 (-7168 -1024 896 ) (-7168 -1024 64 ) (-7168 -1344 64 ) (-7168 -1344 896 ) 
4 406 418 (-8192 -2048 896 ) (-8192 -2048 4800 ) (-8192 -1024 4800 ) (-8192 -1024 896 ) 
4 406 410 (-7168 -2048 896 ) (-7168 -2048 4800 ) (-8192 -2048 4800 ) (-8192 -2048 896 ) 
4 406 407 (-8192 -1344 896 ) (-8192 -1024 896 ) (-7168 -1024 896 ) (-7168 -1344 896 ) 
4 407 419 (-8192 -1344 896 ) (-8192 -1024 896 ) (-8192 -1024 64 ) (-8192 -1344 64 ) 
4 408 411 (-5120 -3072 896 ) (-5120 -3072 4800 ) (-6144 -3072 4800 ) (-6144 -3072 896 ) 
4 408 409 (-6144 -3072 896 ) (-6144 -3072 4800 ) (-6144 -2048 4800 ) (-6144 -2048 896 ) 
4 409 413 (-6144 -3072 896 ) (-6144 -3072 4800 ) (-7168 -3072 4800 ) (-7168 -3072 896 ) 
4 409 410 (-7168 -2048 4800 ) (-7168 -2048 896 ) (-7168 -3072 896 ) (-7168 -3072 4800 ) 
4 410 421 (-8192 -3072 896 ) (-8192 -3072 4800 ) (-8192 -2048 4800 ) (-8192 -2048 896 ) 
4 410 414 (-8192 -3072 4800 ) (-8192 -3072 896 ) (-7168 -3072 896 ) (-7168 -3072 4800 ) 
4 411 413 (-6144 -3072 4800 ) (-6144 -3072 896 ) (-6144 -4096 896 ) (-6144 -4096 4800 ) 
4 411 412 (-5120 -4096 896 ) (-5120 -4096 4800 ) (-6144 -4096 4800 ) (-6144 -4096 896 ) 
4 412 457 (-5120 -5120 896 ) (-5120 -5120 4800 ) (-6144 -5120 4800 ) (-6144 -5120 896 ) 
4 412 415 (-6144 -5120 896 ) (-6144 -5120 4800 ) (-6144 -4096 4800 ) (-6144 -4096 896 ) 
4 413 415 (-6144 -4096 896 ) (-6144 -4096 4800 ) (-7168 -4096 4800 ) (-7168 -4096 896 ) 
4 413 414 (-7168 -3072 4800 ) (-7168 -3072 896 ) (-7168 -4096 896 ) (-7168 -4096 4800 ) 
4 414 423 (-8192 -4096 896 ) (-8192 -4096 4800 ) (-8192 -3072 4800 ) (-8192 -3072 896 ) 
4 414 416 (-8192 -4096 4800 ) (-8192 -4096 896 ) (-7168 -4096 896 ) (-7168 -4096 4800 ) 
4 415 459 (-6144 -5120 896 ) (-6144 -5120 4800 ) (-7168 -5120 4800 ) (-7168 -5120 896 ) 
4 415 416 (-7168 -4096 4800 ) (-7168 -4096 896 ) (-7168 -5120 896 ) (-7168 -5120 4800 ) 
4 416 461 (-7168 -5120 896 ) (-7168 -5120 4800 ) (-8192 -5120 4800 ) (-8192 -5120 896 ) 
4 416 425 (-8192 -5120 896 ) (-8192 -5120 4800 ) (-8192 -4096 4800 ) (-8192 -4096 896 ) 
4 417 419 (-8192 -1024 64 ) (-8192 -1024 896 ) (-8960 -1024 896 ) (-8960 -1024 64 ) 
4 417 420 (-8960 -1024 896 ) (-9216 -1024 896 ) (-9216 -1024 64 ) (-8960 -1024 64 ) 
4 417 418 (-8192 -1024 896 ) (-8192 -1024 4800 ) (-9216 -1024 4800 ) (-9216 -1024 896 ) 
4 418 421 (-8192 -2048 896 ) (-8192 -2048 4800 ) (-9216 -2048 4800 ) (-9216 -2048 896 ) 
4 418 419 (-8960 -1344 896 ) (-8960 -1024 896 ) (-8192 -1024 896 ) (-8192 -1344 896 ) 
4 418 420 (-8960 -2048 896 ) (-9216 -2048 896 ) (-9216 -1024 896 ) (-8960 -1024 896 ) 
4 419 420 (-8960 -1024 64 ) (-8960 -1344 64 ) (-8960 -1344 896 ) (-8960 -1024 896 ) 
4 420 422 (-8960 -2048 896 ) (-9216 -2048 896 ) (-9216 -2048 64 ) (-8960 -2048 64 ) 
4 421 423 (-8192 -3072 896 ) (-8192 -3072 4800 ) (-9216 -3072 4800 ) (-9216 -3072 896 ) 
4 421 422 (-9216 -3072 896 ) (-9216 -2048 896 ) (-8960 -2048 896 ) (-8960 -3072 896 ) 
4 422 424 (-8960 -3072 896 ) (-9216 -3072 896 ) (-9216 -3072 64 ) (-8960 -3072 64 ) 
4 423 425 (-8192 -4096 896 ) (-8192 -4096 4800 ) (-9216 -4096 4800 ) (-9216 -4096 896 ) 
4 423 424 (-8960 -4096 896 ) (-9216 -4096 896 ) (-9216 -3072 896 ) (-8960 -3072 896 ) 
4 424 426 (-8960 -4096 896 ) (-9216 -4096 896 ) (-9216 -4096 64 ) (-8960 -4096 64 ) 
4 425 469 (-8192 -5120 896 ) (-8192 -5120 4800 ) (-9216 -5120 4800 ) (-9216 -5120 896 ) 
4 425 426 (-8960 -5120 896 ) (-9216 -5120 896 ) (-9216 -4096 896 ) (-8960 -4096 896 ) 
4 426 471 (-8960 -5120 896 ) (-9216 -5120 896 ) (-9216 -5120 64 ) (-8960 -5120 64 ) 
4 427 431 (0 -6144 896 ) (0 -6144 4800 ) (-1024 -6144 4800 ) (-1024 -6144 896 ) 
4 427 429 (-1024 -5120 4800 ) (-1024 -5120 896 ) (-1024 -6144 896 ) (-1024 -6144 4800 ) 
4 427 428 (-1024 -6144 896 ) (-1024 -5632 896 ) (0 -5632 896 ) (0 -6144 896 ) 
4 428 431 (0 -6144 64 ) (0 -6144 896 ) (-1024 -6144 896 ) (-1024 -6144 64 ) 
4 428 430 (-1024 -5632 64 ) (-1024 -6144 64 ) (-1024 -6144 896 ) (-1024 -5632 896 ) 
4 429 435 (-2048 -5120 4800 ) (-2048 -5120 896 ) (-2048 -6144 896 ) (-2048 -6144 4800 ) 
4 429 432 (-1024 -6144 896 ) (-1024 -6144 4800 ) (-2048 -6144 4800 ) (-2048 -6144 896 ) 
4 429 430 (-1024 -6144 896 ) (-2048 -6144 896 ) (-2048 -5632 896 ) (-1024 -5632 896 ) 
4 430 436 (-2048 -5632 64 ) (-2048 -6144 64 ) (-2048 -6144 896 ) (-2048 -5632 896 ) 
4 430 432 (-1024 -6144 64 ) (-1024 -6144 896 ) (-2048 -6144 896 ) (-2048 -6144 64 ) 
4 431 433 (0 -7168 64 ) (0 -7168 4800 ) (-1024 -7168 4800 ) (-1024 -7168 64 ) 
4 431 432 (-1024 -7168 64 ) (-1024 -7168 4800 ) (-1024 -6144 4800 ) (-1024 -6144 64 ) 
4 432 441 (-2048 -7168 64 ) (-2048 -7168 4800 ) (-2048 -6144 4800 ) (-2048 -6144 64 ) 
4 432 434 (-2048 -7168 4800 ) (-2048 -7168 64 ) (-1024 -7168 64 ) (-1024 -7168 4800 ) 
4 433 447 (0 -8192 64 ) (0 -8192 4800 ) (-1024 -8192 4800 ) (-1024 -8192 64 ) 
4 433 434 (-1024 -7168 4800 ) (-1024 -7168 64 ) (-1024 -8192 64 ) (-1024 -8192 4800 ) 
4 434 448 (-1024 -8192 64 ) (-1024 -8192 4800 ) (-2048 -8192 4800 ) (-2048 -8192 64 ) 
4 434 442 (-2048 -8192 64 ) (-2048 -8192 4800 ) (-2048 -7168 4800 ) (-2048 -7168 64 ) 
4 435 441 (-2048 -6144 896 ) (-2048 -6144 4800 ) (-3072 -6144 4800 ) (-3072 -6144 896 ) 
4 435 437 (-3072 -5120 4800 ) (-3072 -5120 896 ) (-3072 -6144 896 ) (-3072 -6144 4800 ) 
4 435 436 (-3072 -6144 896 ) (-3072 -5632 896 ) (-2048 -5632 896 ) (-2048 -6144 896 ) 
4 436 441 (-2048 -6144 64 ) (-2048 -6144 896 ) (-3072 -6144 896 ) (-3072 -6144 64 ) 
4 436 438 (-3072 -5632 64 ) (-3072 -6144 64 ) (-3072 -6144 896 ) (-3072 -5632 896 ) 
4 437 443 (-3072 -6144 896 ) (-3072 -6144 4800 ) (-4096 -6144 4800 ) (-4096 -6144 896 ) 
4 437 439 (-4096 -6144 896 ) (-4096 -6144 4800 ) (-4096 -5120 4800 ) (-4096 -5120 896 ) 
4 437 438 (-4096 -6144 896 ) (-4096 -5632 896 ) (-3072 -5632 896 ) (-3072 -6144 896 ) 
4 438 443 (-3072 -6144 64 ) (-3072 -6144 896 ) (-4096 -6144 896 ) (-4096 -6144 64 ) 
4 438 440 (-4096 -6144 64 ) (-4096 -6144 896 ) (-4096 -5632 896 ) (-4096 -5632 64 ) 
4 439 457 (-5120 -5120 4800 ) (-5120 -5120 896 ) (-5120 -6144 896 ) (-5120 -6144 4800 ) 
4 439 444 (-4096 -6144 896 ) (-4096 -6144 4800 ) (-5120 -6144 4800 ) (-5120 -6144 896 ) 
4 439 440 (-4096 -6144 896 ) (-5120 -6144 896 ) (-5120 -5632 896 ) (-4096 -5632 896 ) 
4 440 458 (-5120 -5632 64 ) (-5120 -6144 64 ) (-5120 -6144 896 ) (-5120 -5632 896 ) 
4 440 444 (-4096 -6144 64 ) (-4096 -6144 896 ) (-5120 -6144 896 ) (-5120 -6144 64 ) 
4 441 443 (-3072 -6144 4800 ) (-3072 -6144 64 ) (-3072 -7168 64 ) (-3072 -7168 4800 ) 
4 441 442 (-2048 -7168 64 ) (-2048 -7168 4800 ) (-3072 -7168 4800 ) (-3072 -7168 64 ) 
4 442 451 (-2048 -8192 64 ) (-2048 -8192 4800 ) (-3072 -8192 4800 ) (-3072 -8192 64 ) 
4 442 445 (-3072 -8192 64 ) (-3072 -8192 4800 ) (-3072 -7168 4800 ) (-3072 -7168 64 ) 
4 443 445 (-3072 -7168 64 ) (-3072 -7168 4800 ) (-4096 -7168 4800 ) (-4096 -7168 64 ) 
4 443 444 (-4096 -6144 4800 ) (-4096 -6144 64 ) (-4096 -7168 64 ) (-4096 -7168 4800 ) 
4 444 463 (-5120 -7168 64 ) (-5120 -7168 4800 ) (-5120 -6144 4800 ) (-5120 -6144 64 ) 
4 444 446 (-4096 -7168 64 ) (-4096 -7168 4800 ) (-5120 -7168 4800 ) (-5120 -7168 64 ) 
4 445 452 (-3072 -8192 64 ) (-3072 -8192 4800 ) (-4096 -8192 4800 ) (-4096 -8192 64 ) 
4 445 446 (-4096 -7168 4800 ) (-4096 -7168 64 ) (-4096 -8192 64 ) (-4096 -8192 4800 ) 
4 446 464 (-5120 -8192 64 ) (-5120 -8192 4800 ) (-5120 -7168 4800 ) (-5120 -7168 64 ) 
4 446 453 (-4096 -8192 64 ) (-4096 -8192 4800 ) (-5120 -8192 4800 ) (-5120 -8192 64 ) 
4 447 449 (0 -9216 64 ) (0 -9216 4800 ) (-1024 -9216 4800 ) (-1024 -9216 64 ) 
4 447 448 (-1024 -8192 4800 ) (-1024 -8192 64 ) (-1024 -9216 64 ) (-1024 -9216 4800 ) 
4 448 451 (-2048 -8192 4800 ) (-2048 -8192 64 ) (-2048 -9216 64 ) (-2048 -9216 4800 ) 
4 448 450 (-1024 -9216 64 ) (-1024 -9216 4800 ) (-2048 -9216 4800 ) (-2048 -9216 64 ) 
4 449 450 (-1024 -9280 4800 ) (-1024 -9216 4800 ) (-1024 -9216 64 ) (-1024 -9280 64 ) 
4 450 454 (-2048 -9280 4800 ) (-2048 -9216 4800 ) (-2048 -9216 64 ) (-2048 -9280 64 ) 
4 451 454 (-2048 -9216 64 ) (-2048 -9216 4800 ) (-3072 -9216 4800 ) (-3072 -9216 64 ) 
4 451 452 (-3072 -8192 4800 ) (-3072 -8192 64 ) (-3072 -9216 64 ) (-3072 -9216 4800 ) 
4 452 455 (-3072 -9216 64 ) (-3072 -9216 4800 ) (-4096 -9216 4800 ) (-4096 -9216 64 ) 
4 452 453 (-4096 -9216 64 ) (-4096 -9216 4800 ) (-4096 -8192 4800 ) (-4096 -8192 64 ) 
4 453 474 (-5120 -9216 64 ) (-5120 -9216 4800 ) (-5120 -8192 4800 ) (-5120 -8192 64 ) 
4 453 456 (-4096 -9216 64 ) (-4096 -9216 4800 ) (-5120 -9216 4800 ) (-5120 -9216 64 ) 
4 454 455 (-3072 -9216 4800 ) (-3072 -9216 64 ) (-3072 -9280 64 ) (-3072 -9280 4800 ) 
4 455 456 (-4096 -9216 4800 ) (-4096 -9216 64 ) (-4096 -9280 64 ) (-4096 -9280 4800 ) 
4 456 477 (-5120 -9280 4800 ) (-5120 -9216 4800 ) (-5120 -9216 64 ) (-5120 -9280 64 ) 
4 457 463 (-5120 -6144 896 ) (-5120 -6144 4800 ) (-6144 -6144 4800 ) (-6144 -6144 896 ) 
4 457 459 (-6144 -5120 4800 ) (-6144 -5120 896 ) (-6144 -6144 896 ) (-6144 -6144 4800 ) 
4 457 458 (-6144 -6144 896 ) (-6144 -5632 896 ) (-5120 -5632 896 ) (-5120 -6144 896 ) 
4 458 463 (-5120 -6144 64 ) (-5120 -6144 896 ) (-6144 -6144 896 ) (-6144 -6144 64 ) 
4 458 460 (-6144 -5632 64 ) (-6144 -6144 64 ) (-6144 -6144 896 ) (-6144 -5632 896 ) 
4 459 465 (-6144 -6144 896 ) (-6144 -6144 4800 ) (-7168 -6144 4800 ) (-7168 -6144 896 ) 
4 459 461 (-7168 -6144 896 ) (-7168 -6144 4800 ) (-7168 -5120 4800 ) (-7168 -5120 896 ) 
4 459 460 (-7168 -6144 896 ) (-7168 -5632 896 ) (-6144 -5632 896 ) (-6144 -6144 896 ) 
4 460 465 (-6144 -6144 64 ) (-6144 -6144 896 ) (-7168 -6144 896 ) (-7168 -6144 64 ) 
4 460 462 (-7168 -6144 64 ) (-7168 -6144 896 ) (-7168 -5632 896 ) (-7168 -5632 64 ) 
4 461 469 (-8192 -5120 4800 ) (-8192 -5120 896 ) (-8192 -6144 896 ) (-8192 -6144 4800 ) 
4 461 466 (-7168 -6144 896 ) (-7168 -6144 4800 ) (-8192 -6144 4800 ) (-8192 -6144 896 ) 
4 461 462 (-7168 -6144 896 ) (-8192 -6144 896 ) (-8192 -5632 896 ) (-7168 -5632 896 ) 
4 462 470 (-8192 -5632 64 ) (-8192 -6144 64 ) (-8192 -6144 896 ) (-8192 -5632 896 ) 
4 462 466 (-7168 -6144 64 ) (-7168 -6144 896 ) (-8192 -6144 896 ) (-8192 -6144 64 ) 
4 463 465 (-6144 -6144 4800 ) (-6144 -6144 64 ) (-6144 -7168 64 ) (-6144 -7168 4800 ) 
4 463 464 (-5120 -7168 64 ) (-5120 -7168 4800 ) (-6144 -7168 4800 ) (-6144 -7168 64 ) 
4 464 474 (-5120 -8192 64 ) (-5120 -8192 4800 ) (-6144 -8192 4800 ) (-6144 -8192 64 ) 
4 464 467 (-6144 -8192 64 ) (-6144 -8192 4800 ) (-6144 -7168 4800 ) (-6144 -7168 64 ) 
4 465 467 (-6144 -7168 64 ) (-6144 -7168 4800 ) (-7168 -7168 4800 ) (-7168 -7168 64 ) 
4 465 466 (-7168 -6144 4800 ) (-7168 -6144 64 ) (-7168 -7168 64 ) (-7168 -7168 4800 ) 
4 466 472 (-8192 -7168 64 ) (-8192 -7168 4800 ) (-8192 -6144 4800 ) (-8192 -6144 64 ) 
4 466 468 (-7168 -7168 64 ) (-7168 -7168 4800 ) (-8192 -7168 4800 ) (-8192 -7168 64 ) 
4 467 475 (-6144 -8192 64 ) (-6144 -8192 4800 ) (-7168 -8192 4800 ) (-7168 -8192 64 ) 
4 467 468 (-7168 -7168 4800 ) (-7168 -7168 64 ) (-7168 -8192 64 ) (-7168 -8192 4800 ) 
4 468 476 (-7168 -8192 64 ) (-7168 -8192 4800 ) (-8192 -8192 4800 ) (-8192 -8192 64 ) 
4 468 473 (-8192 -8192 64 ) (-8192 -8192 4800 ) (-8192 -7168 4800 ) (-8192 -7168 64 ) 
4 469 472 (-8192 -6144 896 ) (-8192 -6144 4800 ) (-9216 -6144 4800 ) (-9216 -6144 896 ) 
4 469 470 (-8192 -5632 896 ) (-8192 -6144 896 ) (-8960 -6144 896 ) (-8960 -5632 896 ) 
4 469 471 (-9216 -6144 896 ) (-9216 -5120 896 ) (-8960 -5120 896 ) (-8960 -6144 896 ) 
4 470 472 (-8192 -6144 64 ) (-8192 -6144 896 ) (-8960 -6144 896 ) (-8960 -6144 64 ) 
4 470 471 (-8960 -5632 64 ) (-8960 -6144 64 ) (-8960 -6144 896 ) (-8960 -5632 896 ) 
4 471 472 (-8960 -6144 896 ) (-9216 -6144 896 ) (-9216 -6144 64 ) (-8960 -6144 64 ) 
4 472 473 (-8192 -7168 64 ) (-8192 -7168 4800 ) (-9216 -7168 4800 ) (-9216 -7168 64 ) 
4 473 480 (-8192 -8192 64 ) (-8192 -8192 4800 ) (-9216 -8192 4800 ) (-9216 -8192 64 ) 
4 474 477 (-5120 -9216 64 ) (-5120 -9216 4800 ) (-6144 -9216 4800 ) (-6144 -9216 64 ) 
4 474 475 (-6144 -8192 4800 ) (-6144 -8192 64 ) (-6144 -9216 64 ) (-6144 -9216 4800 ) 
4 475 478 (-6144 -9216 64 ) (-6144 -9216 4800 ) (-7168 -9216 4800 ) (-7168 -9216 64 ) 
4 475 476 (-7168 -9216 64 ) (-7168 -9216 4800 ) (-7168 -8192 4800 ) (-7168 -8192 64 ) 
4 476 480 (-8192 -8192 4800 ) (-8192 -8192 64 ) (-8192 -9216 64 ) (-8192 -9216 4800 ) 
4 476 479 (-7168 -9216 64 ) (-7168 -9216 4800 ) (-8192 -9216 4800 ) (-8192 -9216 64 ) 
4 477 478 (-6144 -9216 4800 ) (-6144 -9216 64 ) (-6144 -9280 64 ) (-6144 -9280 4800 ) 
4 478 479 (-7168 -9216 4800 ) (-7168 -9216 64 ) (-7168 -9280 64 ) (-7168 -9280 4800 ) 
4 479 481 (-8192 -9280 4800 ) (-8192 -9216 4800 ) (-8192 -9216 64 ) (-8192 -9280 64 ) 
4 480 481 (-8192 -9216 64 ) (-8192 -9216 4800 ) (-9216 -9216 4800 ) (-9216 -9216 64 ) 
