PRT1
98
125
4 0 40 (1024 0 8 ) (1024 0 164 ) (1024 58 164 ) (1024 58 8 ) 
4 0 7 (1572 0 164 ) (1024 0 164 ) (1024 0 8 ) (1572 0 8 ) 
4 0 4 (1681 0 164 ) (1572 0 164 ) (1572 0 8 ) (1681 0 8 ) 
4 0 2 (1695 0 164 ) (1681 0 164 ) (1681 0 8 ) (1695 0 8 ) 
4 0 1 (1771 0 164 ) (1695 0 164 ) (1695 0 8 ) (1771 0 8 ) 
4 1 2 (1695 0 8 ) (1695 -46 8 ) (1695 -46 164 ) (1695 0 164 ) 
4 1 3 (1695 -335 8 ) (1695 -456 8 ) (1695 -456 164 ) (1695 -335 164 ) 
4 2 4 (1681 0 8 ) (1681 -46 8 ) (1681 -46 164 ) (1681 0 164 ) 
4 3 6 (1681 -335 8 ) (1681 -456 8 ) (1681 -456 164 ) (1681 -335 164 ) 
4 4 7 (1572 0 8 ) (1572 -46 8 ) (1572 -46 164 ) (1572 0 164 ) 
4 5 8 (1572 -71 8 ) (1572 -163 8 ) (1572 -163 164 ) (1572 -71 164 ) 
4 5 6 (1586 -163 8 ) (1681 -163 8 ) (1681 -163 164 ) (1586 -163 164 ) 
4 7 46 (1024 -46 164 ) (1024 0 164 ) (1024 0 8 ) (1024 -46 8 ) 
4 8 11 (1472 -191 8 ) (1572 -191 8 ) (1572 -191 164 ) (1472 -191 164 ) 
4 9 10 (1248 -71 164 ) (1248 -71 8 ) (1248 -160 8 ) (1248 -160 164 ) 
4 10 14 (1155 -191 164 ) (1155 -191 8 ) (1156 -191 8 ) (1156 -191 164 ) 
4 10 13 (1156 -191 8 ) (1248 -191 8 ) (1248 -191 164 ) (1156 -191 164 ) 
4 11 13 (1270 -191 164 ) (1270 -191 8 ) (1270 -311 8 ) (1270 -311 164 ) 
4 12 19 (1459 -443 8 ) (1572 -443 8 ) (1572 -443 164 ) (1459 -443 164 ) 
4 12 13 (1270 -342 8 ) (1270 -443 8 ) (1270 -443 164 ) (1270 -342 164 ) 
4 13 16 (1156 -289 128 ) (1156 -289 160 ) (1156 -226 160 ) (1156 -226 128 ) 
4 13 15 (1156 -289 160 ) (1156 -289 164 ) (1156 -226 164 ) (1156 -226 160 ) 
4 13 17 (1156 -226 8 ) (1156 -289 8 ) (1156 -289 128 ) (1156 -226 128 ) 
4 13 14 (1156 -191 164 ) (1156 -191 8 ) (1156 -226 8 ) (1156 -226 164 ) 
4 13 18 (1156 -289 8 ) (1156 -443 8 ) (1156 -443 164 ) (1156 -289 164 ) 
4 14 16 (1155 -226 160 ) (1155 -226 128 ) (1156 -226 128 ) (1156 -226 160 ) 
4 14 15 (1155 -226 164 ) (1155 -226 160 ) (1156 -226 160 ) (1156 -226 164 ) 
4 14 17 (1155 -226 128 ) (1155 -226 8 ) (1156 -226 8 ) (1156 -226 128 ) 
4 15 18 (1155 -289 164 ) (1155 -289 160 ) (1156 -289 160 ) (1156 -289 164 ) 
4 15 16 (1156 -289 160 ) (1155 -289 160 ) (1155 -226 160 ) (1156 -226 160 ) 
4 16 17 (1156 -289 128 ) (1155 -289 128 ) (1155 -226 128 ) (1156 -226 128 ) 
4 16 18 (1155 -289 160 ) (1155 -289 128 ) (1156 -289 128 ) (1156 -289 160 ) 
4 17 18 (1155 -289 128 ) (1155 -289 8 ) (1156 -289 8 ) (1156 -289 128 ) 
4 19 23 (1459 -474 8 ) (1572 -474 8 ) (1572 -474 164 ) (1459 -474 164 ) 
4 20 36 (1068 -474 8 ) (1141 -474 8 ) (1141 -474 164 ) (1068 -474 164 ) 
4 20 21 (1068 -71 164 ) (1068 -71 8 ) (1068 -429 8 ) (1068 -429 164 ) 
4 21 56 (1024 -429 164 ) (1024 -293 164 ) (1024 -293 8 ) (1024 -429 8 ) 
4 21 48 (1024 -293 164 ) (1024 -177 164 ) (1024 -177 8 ) (1024 -293 8 ) 
4 21 47 (1024 -177 164 ) (1024 -71 164 ) (1024 -71 8 ) (1024 -177 8 ) 
4 22 24 (1663 -565 8 ) (1771 -565 8 ) (1771 -565 164 ) (1663 -565 164 ) 
4 22 23 (1572 -487 8 ) (1572 -565 8 ) (1572 -565 164 ) (1572 -487 164 ) 
4 23 31 (1428 -474 164 ) (1428 -474 8 ) (1428 -565 8 ) (1428 -565 164 ) 
4 24 28 (1663 -823 8 ) (1771 -823 8 ) (1771 -823 164 ) (1663 -823 164 ) 
4 25 26 (1531 -669 164 ) (1531 -669 8 ) (1531 -741 8 ) (1531 -741 164 ) 
4 26 27 (1512 -669 164 ) (1512 -669 8 ) (1512 -741 8 ) (1512 -741 164 ) 
4 27 30 (1428 -823 164 ) (1428 -823 8 ) (1512 -823 8 ) (1512 -823 164 ) 
4 28 29 (1663 -869 8 ) (1663 -950 8 ) (1663 -950 164 ) (1663 -869 164 ) 
4 29 30 (1512 -869 8 ) (1512 -950 8 ) (1512 -950 164 ) (1512 -869 164 ) 
4 31 32 (1409 -474 164 ) (1409 -474 8 ) (1409 -565 8 ) (1409 -565 164 ) 
4 32 33 (1328 -877 8 ) (1328 -950 8 ) (1328 -950 164 ) (1328 -877 164 ) 
4 33 39 (1300 -877 8 ) (1300 -950 8 ) (1300 -950 164 ) (1300 -877 164 ) 
4 34 37 (1189 -708 8 ) (1300 -708 8 ) (1300 -708 164 ) (1189 -708 164 ) 
4 34 35 (1189 -474 164 ) (1189 -474 8 ) (1189 -569 8 ) (1189 -569 164 ) 
4 35 36 (1152 -474 164 ) (1152 -474 8 ) (1152 -569 8 ) (1152 -569 164 ) 
4 37 38 (1189 -738 8 ) (1300 -738 8 ) (1300 -738 164 ) (1189 -738 164 ) 
4 38 67 (1024 -843 164 ) (1024 -738 164 ) (1024 -738 8 ) (1024 -843 8 ) 
4 39 81 (1024 -950 164 ) (1024 -877 164 ) (1024 -877 8 ) (1024 -950 8 ) 
4 40 51 (783 0 164 ) (451 0 164 ) (451 0 8 ) (783 0 8 ) 
4 40 50 (801 0 164 ) (783 0 164 ) (783 0 8 ) (801 0 8 ) 
4 40 46 (1024 0 8 ) (1024 0 164 ) (801 0 164 ) (801 0 8 ) 
4 41 52 (433 0 164 ) (23 0 164 ) (23 0 8 ) (433 0 8 ) 
4 42 87 (4 0 164 ) (0 0 164 ) (0 0 8 ) (4 0 8 ) 
4 42 43 (0 0 8 ) (0 0 164 ) (0 58 164 ) (0 58 8 ) 
4 43 91 (0 0 8 ) (0 0 48 ) (-66 0 48 ) (-66 0 8 ) 
4 43 89 (0 0 48 ) (0 0 164 ) (-66 0 164 ) (-66 0 48 ) 
4 43 44 (-66 58 164 ) (-66 58 48 ) (-66 0 48 ) (-66 0 164 ) 
4 44 90 (-66 0 164 ) (-81 0 164 ) (-81 0 48 ) (-66 0 48 ) 
4 44 45 (-81 0 48 ) (-81 0 164 ) (-81 58 164 ) (-81 58 48 ) 
4 45 92 (-81 0 8 ) (-81 0 164 ) (-273 0 164 ) (-273 0 8 ) 
4 46 50 (801 0 8 ) (801 -46 8 ) (801 -46 164 ) (801 0 164 ) 
4 47 48 (1016 -177 8 ) (1024 -177 8 ) (1024 -177 164 ) (1016 -177 164 ) 
4 47 49 (801 -177 164 ) (801 -177 8 ) (924 -177 8 ) (924 -177 164 ) 
4 48 56 (1016 -293 8 ) (1024 -293 8 ) (1024 -293 164 ) (1016 -293 164 ) 
4 49 57 (801 -293 8 ) (924 -293 8 ) (924 -293 164 ) (801 -293 164 ) 
4 50 51 (783 0 8 ) (783 -46 8 ) (783 -46 164 ) (783 0 164 ) 
4 51 53 (451 -83 8 ) (451 -147 8 ) (451 -147 136 ) (451 -83 136 ) 
4 52 54 (23 -83 164 ) (23 -83 8 ) (433 -83 8 ) (433 -83 164 ) 
4 53 54 (433 -83 136 ) (433 -83 8 ) (433 -147 8 ) (433 -147 136 ) 
4 54 85 (23 -98 8 ) (23 -137 8 ) (23 -137 164 ) (23 -98 164 ) 
4 54 55 (23 -147 164 ) (23 -147 8 ) (433 -147 8 ) (433 -147 164 ) 
4 57 58 (354 -429 8 ) (476 -429 8 ) (476 -429 164 ) (354 -429 164 ) 
4 58 59 (354 -460 8 ) (476 -460 8 ) (476 -460 164 ) (354 -460 164 ) 
4 59 65 (924 -569 8 ) (1022 -569 8 ) (1022 -569 164 ) (924 -569 164 ) 
4 60 61 (163 -293 164 ) (163 -293 8 ) (163 -354 8 ) (163 -354 164 ) 
4 60 62 (163 -394 8 ) (163 -456 8 ) (163 -456 164 ) (163 -394 164 ) 
4 61 86 (23 -293 8 ) (23 -354 8 ) (23 -354 164 ) (23 -293 164 ) 
4 62 64 (23 -456 164 ) (23 -456 8 ) (99 -456 8 ) (99 -456 164 ) 
4 63 76 (99 -569 8 ) (226 -569 8 ) (226 -569 164 ) (99 -569 164 ) 
4 63 69 (226 -569 8 ) (308 -569 8 ) (308 -569 164 ) (226 -569 164 ) 
4 63 64 (99 -487 8 ) (99 -569 8 ) (99 -569 164 ) (99 -487 164 ) 
4 64 76 (23 -569 164 ) (23 -569 8 ) (99 -569 8 ) (99 -569 164 ) 
4 65 66 (924 -601 8 ) (924 -708 8 ) (924 -708 164 ) (924 -601 164 ) 
4 66 70 (603 -601 8 ) (603 -708 8 ) (603 -708 164 ) (603 -601 164 ) 
4 67 68 (717 -738 164 ) (717 -738 8 ) (717 -843 8 ) (717 -843 164 ) 
4 68 82 (603 -855 8 ) (717 -855 8 ) (717 -855 164 ) (603 -855 164 ) 
4 69 76 (226 -569 164 ) (226 -569 8 ) (226 -575 8 ) (226 -575 164 ) 
4 69 75 (226 -601 164 ) (226 -601 8 ) (308 -601 8 ) (308 -601 164 ) 
4 70 71 (562 -601 164 ) (562 -601 8 ) (562 -708 8 ) (562 -708 164 ) 
4 71 72 (485 -784 8 ) (485 -855 8 ) (485 -855 164 ) (485 -784 164 ) 
4 72 73 (450 -784 8 ) (450 -855 8 ) (450 -855 164 ) (450 -784 164 ) 
4 73 74 (352 -601 164 ) (352 -601 8 ) (352 -679 8 ) (352 -679 164 ) 
4 74 75 (316 -601 164 ) (316 -601 8 ) (316 -679 8 ) (316 -679 164 ) 
4 75 77 (226 -788 8 ) (226 -855 8 ) (226 -855 164 ) (226 -788 164 ) 
4 77 78 (192 -788 8 ) (192 -855 8 ) (192 -855 164 ) (192 -788 164 ) 
4 78 79 (115 -606 164 ) (115 -606 8 ) (115 -675 8 ) (115 -675 164 ) 
4 79 80 (88 -606 164 ) (88 -606 8 ) (88 -675 8 ) (88 -675 164 ) 
4 80 84 (23 -855 164 ) (23 -855 8 ) (88 -855 8 ) (88 -855 164 ) 
4 81 82 (717 -877 8 ) (717 -950 8 ) (717 -950 164 ) (717 -877 164 ) 
4 82 83 (603 -886 8 ) (603 -950 8 ) (603 -950 164 ) (603 -886 164 ) 
4 83 84 (88 -886 8 ) (88 -950 8 ) (88 -950 164 ) (88 -886 164 ) 
4 85 87 (4 -98 8 ) (4 -137 8 ) (4 -137 164 ) (4 -98 164 ) 
4 86 87 (4 -293 8 ) (4 -354 8 ) (4 -354 164 ) (4 -293 164 ) 
4 87 93 (0 -293 8 ) (0 -354 8 ) (0 -354 164 ) (0 -293 164 ) 
4 87 91 (0 0 48 ) (0 0 8 ) (0 -293 8 ) (0 -293 48 ) 
4 87 89 (0 0 164 ) (0 0 48 ) (0 -293 48 ) (0 -293 164 ) 
4 88 97 (0 -377 8 ) (0 -950 8 ) (0 -950 164 ) (0 -377 164 ) 
4 89 93 (0 -293 48 ) (0 -293 164 ) (-66 -293 164 ) (-66 -293 48 ) 
4 89 91 (0 -293 48 ) (-66 -293 48 ) (-66 0 48 ) (0 0 48 ) 
4 89 90 (-66 0 48 ) (-66 -270 48 ) (-66 -270 164 ) (-66 0 164 ) 
4 90 92 (-81 -270 164 ) (-81 0 164 ) (-81 0 48 ) (-81 -270 48 ) 
4 91 93 (-66 -293 8 ) (0 -293 8 ) (0 -293 48 ) (-66 -293 48 ) 
4 93 94 (-66 -293 65 ) (-66 -293 8 ) (-66 -354 8 ) (-66 -354 65 ) 
4 94 95 (-81 -293 65 ) (-81 -293 8 ) (-81 -354 8 ) (-81 -354 65 ) 
4 95 96 (-273 -354 114 ) (-273 -354 8 ) (-218 -354 8 ) (-218 -354 114 ) 
4 96 97 (-273 -377 114 ) (-273 -377 8 ) (-218 -377 8 ) (-218 -377 114 ) 
